#
# There is insufficient memory for the Java Runtime Environment to continue.
# Native memory allocation (mmap) failed to map 40894464 bytes for Failed to commit area from 0x000000008c000000 to 0x000000008e700000 of length 40894464.
# Possible reasons:
#   The system is out of physical RAM or swap space
#   The process is running with CompressedOops enabled, and the Java Heap may be blocking the growth of the native heap
# Possible solutions:
#   Reduce memory load on the system
#   Increase physical memory or swap space
#   Check if swap backing store is full
#   Decrease Java heap size (-Xmx/-Xms)
#   Decrease number of Java threads
#   Decrease Java thread stack sizes (-Xss)
#   Set larger code cache with -XX:ReservedCodeCacheSize=
#   JVM is running with Unscaled Compressed Oops mode in which the Java heap is
#     placed in the first 4GB address space. The Java Heap base address is the
#     maximum limit for the native heap growth. Please use -XX:HeapBaseMinAddress
#     to set the Java Heap base and to place the Java Heap above 4GB virtual address.
# This output file may be truncated or incomplete.
#
#  Out of Memory Error (./src/hotspot/os/windows/os_windows.cpp:3301), pid=5516, tid=2388
#
# JRE version: OpenJDK Runtime Environment (11.0.10) (build 11.0.10+0-b96-7249189)
# Java VM: OpenJDK 64-Bit Server VM (11.0.10+0-b96-7249189, mixed mode, tiered, compressed oops, g1 gc, windows-amd64)
# No core dump will be written. Minidumps are not enabled by default on client versions of Windows
#

---------------  S U M M A R Y ------------

Command Line: --add-opens=java.base/java.util=ALL-UNNAMED --add-opens=java.base/java.lang=ALL-UNNAMED --add-opens=java.base/java.lang.invoke=ALL-UNNAMED --add-opens=java.base/java.util=ALL-UNNAMED --add-opens=java.prefs/java.util.prefs=ALL-UNNAMED --add-opens=java.prefs/java.util.prefs=ALL-UNNAMED --add-opens=java.base/java.nio.charset=ALL-UNNAMED --add-opens=java.base/java.net=ALL-UNNAMED --add-opens=java.base/java.util.concurrent.atomic=ALL-UNNAMED -Xmx2048m -Dfile.encoding=UTF-8 -Duser.country=BR -Duser.language=pt -Duser.variant org.gradle.launcher.daemon.bootstrap.GradleDaemon 7.0.2

Host: Intel(R) Core(TM) i3-6006U CPU @ 2.00GHz, 4 cores, 11G,  Windows 10 , 64 bit Build 19041 (10.0.19041.1348)
Time: Mon Nov 15 08:40:54 2021 Hora oficial do Brasil elapsed time: 13.042281 seconds (0d 0h 0m 13s)

---------------  T H R E A D  ---------------

Current thread (0x000001f69d984000):  VMThread "VM Thread" [stack: 0x0000007b9cb00000,0x0000007b9cc00000] [id=2388]

Stack: [0x0000007b9cb00000,0x0000007b9cc00000]
[error occurred during error reporting (printing stack bounds), id 0xc0000005, EXCEPTION_ACCESS_VIOLATION (0xc0000005) at pc=0x000001f6868c0f2d]

Native frames: (J=compiled Java code, j=interpreted, Vv=VM code, C=native code)
V  [jvm.dll+0x5ecfaa]
V  [jvm.dll+0x722bd5]
V  [jvm.dll+0x72412d]
V  [jvm.dll+0x724745]
V  [jvm.dll+0x7246fb]
V  [jvm.dll+0x5ec348]
V  [jvm.dll+0x5ecad8]
C  [ntdll.dll+0xa20cf]
C  [ntdll.dll+0x51454]
C  [ntdll.dll+0xa0bfe]
C  0x000001f6868c0f2d

VM_Operation (0x0000007b9e0f59b0): G1CollectForAllocation, mode: safepoint, requested by thread 0x000001f6a0c3d800


---------------  P R O C E S S  ---------------

Threads class SMR info:
_java_thread_list=0x000001f6a0fa2c40, length=38, elements={
0x000001f682dac000, 0x000001f69d161800, 0x000001f69d170000, 0x000001f69d9d2800,
0x000001f69d9d4000, 0x000001f69d9d6000, 0x000001f69d9dc800, 0x000001f69d9de000,
0x000001f69d9df800, 0x000001f69db39000, 0x000001f6a0597000, 0x000001f6a0c3e000,
0x000001f6a0c3f000, 0x000001f6a0c40800, 0x000001f6a0c43000, 0x000001f6a0c41800,
0x000001f6a0c3d800, 0x000001f6a0c42800, 0x000001f6a0c44000, 0x000001f6a0c40000,
0x000001f69e0d8800, 0x000001f69e0d7000, 0x000001f69e0d8000, 0x000001f6a090c000,
0x000001f69e0d9800, 0x000001f69e0da800, 0x000001f69e0d4800, 0x000001f69e0d5800,
0x000001f69e0db000, 0x000001f69e0dc000, 0x000001f69e0d6000, 0x000001f69e0dd800,
0x000001f69e0dc800, 0x000001f69e0e2800, 0x000001f69e0de800, 0x000001f69e0df000,
0x000001f69e0e0000, 0x000001f69e0e1000
}

Java Threads: ( => current thread )
  0x000001f682dac000 JavaThread "main" [_thread_blocked, id=13004, stack(0x0000007b9c500000,0x0000007b9c600000)]
  0x000001f69d161800 JavaThread "Reference Handler" daemon [_thread_blocked, id=7532, stack(0x0000007b9cc00000,0x0000007b9cd00000)]
  0x000001f69d170000 JavaThread "Finalizer" daemon [_thread_blocked, id=252, stack(0x0000007b9cd00000,0x0000007b9ce00000)]
  0x000001f69d9d2800 JavaThread "Signal Dispatcher" daemon [_thread_blocked, id=7180, stack(0x0000007b9ce00000,0x0000007b9cf00000)]
  0x000001f69d9d4000 JavaThread "Attach Listener" daemon [_thread_blocked, id=13684, stack(0x0000007b9cf00000,0x0000007b9d000000)]
  0x000001f69d9d6000 JavaThread "Service Thread" daemon [_thread_blocked, id=6640, stack(0x0000007b9d000000,0x0000007b9d100000)]
  0x000001f69d9dc800 JavaThread "C2 CompilerThread0" daemon [_thread_blocked, id=11348, stack(0x0000007b9d100000,0x0000007b9d200000)]
  0x000001f69d9de000 JavaThread "C1 CompilerThread0" daemon [_thread_blocked, id=9528, stack(0x0000007b9d200000,0x0000007b9d300000)]
  0x000001f69d9df800 JavaThread "Sweeper thread" daemon [_thread_blocked, id=7344, stack(0x0000007b9d300000,0x0000007b9d400000)]
  0x000001f69db39000 JavaThread "Common-Cleaner" daemon [_thread_blocked, id=7840, stack(0x0000007b9d400000,0x0000007b9d500000)]
  0x000001f6a0597000 JavaThread "Daemon health stats" [_thread_blocked, id=1456, stack(0x0000007b9da00000,0x0000007b9db00000)]
  0x000001f6a0c3e000 JavaThread "Incoming local TCP Connector on port 56266" [_thread_in_native, id=9444, stack(0x0000007b9d600000,0x0000007b9d700000)]
  0x000001f6a0c3f000 JavaThread "Daemon periodic checks" [_thread_blocked, id=11940, stack(0x0000007b9db00000,0x0000007b9dc00000)]
  0x000001f6a0c40800 JavaThread "Daemon" [_thread_blocked, id=10464, stack(0x0000007b9dc00000,0x0000007b9dd00000)]
  0x000001f6a0c43000 JavaThread "Handler for socket connection from /127.0.0.1:56266 to /127.0.0.1:56267" [_thread_in_native, id=10808, stack(0x0000007b9dd00000,0x0000007b9de00000)]
  0x000001f6a0c41800 JavaThread "Cancel handler" [_thread_blocked, id=13620, stack(0x0000007b9df00000,0x0000007b9e000000)]
  0x000001f6a0c3d800 JavaThread "Daemon worker" [_thread_blocked, id=11028, stack(0x0000007b9e000000,0x0000007b9e100000)]
  0x000001f6a0c42800 JavaThread "Asynchronous log dispatcher for DefaultDaemonConnection: socket connection from /127.0.0.1:56266 to /127.0.0.1:56267" [_thread_blocked, id=5936, stack(0x0000007b9e100000,0x0000007b9e200000)]
  0x000001f6a0c44000 JavaThread "Stdin handler" [_thread_blocked, id=9288, stack(0x0000007b9e200000,0x0000007b9e300000)]
  0x000001f6a0c40000 JavaThread "Daemon client event forwarder" [_thread_blocked, id=13680, stack(0x0000007b9e300000,0x0000007b9e400000)]
  0x000001f69e0d8800 JavaThread "Cache worker for file hash cache (C:\Users\MarcelO\.gradle\caches\7.0.2\fileHashes)" [_thread_blocked, id=10584, stack(0x0000007b9de00000,0x0000007b9df00000)]
  0x000001f69e0d7000 JavaThread "File lock request listener" [_thread_in_native, id=14036, stack(0x0000007b9e400000,0x0000007b9e500000)]
  0x000001f69e0d8000 JavaThread "Cache worker for journal cache (C:\Users\MarcelO\.gradle\caches\journal-1)" [_thread_blocked, id=10472, stack(0x0000007b9e500000,0x0000007b9e600000)]
  0x000001f6a090c000 JavaThread "C2 CompilerThread1" daemon [_thread_blocked, id=11040, stack(0x0000007b9e600000,0x0000007b9e700000)]
  0x000001f69e0d9800 JavaThread "Cache worker for file hash cache (C:\IFome\.gradle\7.0.2\fileHashes)" [_thread_blocked, id=13724, stack(0x0000007b9e700000,0x0000007b9e800000)]
  0x000001f69e0da800 JavaThread "File watcher server" daemon [_thread_in_native, id=2080, stack(0x0000007b9e800000,0x0000007b9e900000)]
  0x000001f69e0d4800 JavaThread "File watcher consumer" daemon [_thread_blocked, id=6372, stack(0x0000007b9e900000,0x0000007b9ea00000)]
  0x000001f69e0d5800 JavaThread "jar transforms" [_thread_blocked, id=10132, stack(0x0000007b9ea00000,0x0000007b9eb00000)]
  0x000001f69e0db000 JavaThread "jar transforms Thread 2" [_thread_blocked, id=11612, stack(0x0000007b9eb00000,0x0000007b9ec00000)]
  0x000001f69e0dc000 JavaThread "jar transforms Thread 3" [_thread_blocked, id=1612, stack(0x0000007b9ec00000,0x0000007b9ed00000)]
  0x000001f69e0d6000 JavaThread "jar transforms Thread 4" [_thread_blocked, id=11432, stack(0x0000007b9ed00000,0x0000007b9ee00000)]
  0x000001f69e0dd800 JavaThread "Cache worker for checksums cache (C:\IFome\.gradle\checksums)" [_thread_blocked, id=7040, stack(0x0000007b9ee00000,0x0000007b9ef00000)]
  0x000001f69e0dc800 JavaThread "Cache worker for cache directory md-supplier (C:\Users\MarcelO\.gradle\caches\7.0.2\md-supplier)" [_thread_blocked, id=3212, stack(0x0000007b9ef00000,0x0000007b9f000000)]
  0x000001f69e0e2800 JavaThread "Cache worker for cache directory md-rule (C:\Users\MarcelO\.gradle\caches\7.0.2\md-rule)" [_thread_blocked, id=11368, stack(0x0000007b9f000000,0x0000007b9f100000)]
  0x000001f69e0de800 JavaThread "Cache worker for execution history cache (C:\Users\MarcelO\.gradle\caches\7.0.2\executionHistory)" [_thread_blocked, id=12508, stack(0x0000007b9f100000,0x0000007b9f200000)]
  0x000001f69e0df000 JavaThread "Cache worker for file content cache (C:\Users\MarcelO\.gradle\caches\7.0.2\fileContent)" [_thread_blocked, id=11376, stack(0x0000007b9f200000,0x0000007b9f300000)]
  0x000001f69e0e0000 JavaThread "Cache worker for dependencies-accessors (C:\IFome\.gradle\7.0.2\dependencies-accessors)" [_thread_blocked, id=13736, stack(0x0000007b9f300000,0x0000007b9f400000)]
  0x000001f69e0e1000 JavaThread "Cache worker for Build Output Cleanup Cache (C:\IFome\.gradle\buildOutputCleanup)" [_thread_blocked, id=10516, stack(0x0000007b9f400000,0x0000007b9f500000)]

Other Threads:
=>0x000001f69d984000 VMThread "VM Thread" [stack: 0x0000007b9cb00000,0x0000007b9cc00000] [id=2388]
  0x000001f69db51800 WatcherThread [stack: 0x0000007b9d500000,0x0000007b9d600000] [id=2760]
  0x000001f682dc4800 GCTaskThread "GC Thread#0" [stack: 0x0000007b9c600000,0x0000007b9c700000] [id=8708]
  0x000001f69e758800 GCTaskThread "GC Thread#1" [stack: 0x0000007b9d700000,0x0000007b9d800000] [id=13916]
  0x000001f69e63f800 GCTaskThread "GC Thread#2" [stack: 0x0000007b9d800000,0x0000007b9d900000] [id=6496]
  0x000001f69e044000 GCTaskThread "GC Thread#3" [stack: 0x0000007b9d900000,0x0000007b9da00000] [id=14268]
  0x000001f682df5000 ConcurrentGCThread "G1 Main Marker" [stack: 0x0000007b9c700000,0x0000007b9c800000] [id=2904]
  0x000001f682df6800 ConcurrentGCThread "G1 Conc#0" [stack: 0x0000007b9c800000,0x0000007b9c900000] [id=10408]
  0x000001f69cfac800 ConcurrentGCThread "G1 Refine#0" [stack: 0x0000007b9c900000,0x0000007b9ca00000] [id=4136]
  0x000001f69cfad800 ConcurrentGCThread "G1 Young RemSet Sampling" [stack: 0x0000007b9ca00000,0x0000007b9cb00000] [id=10864]

Threads with active compile tasks:
C2 CompilerThread0  13088 4228       4       java.util.zip.ZipFile::getZipEntry (325 bytes)
C2 CompilerThread1  13089 4131       4       groovy.lang.MetaClassImpl$1MOPIter::methodNameAction (325 bytes)

VM state:at safepoint (normal execution)

VM Mutex/Monitor currently owned by a thread:  ([mutex/lock_event])
[0x000001f682da83e0] Threads_lock - owner thread: 0x000001f69d984000
[0x000001f682da7150] Heap_lock - owner thread: 0x000001f6a0c3d800

Heap address: 0x0000000080000000, size: 2048 MB, Compressed Oops mode: 32-bit
Narrow klass base: 0x0000000000000000, Narrow klass shift: 3
Compressed class space size: 1073741824 Address: 0x0000000100000000

Heap:
 garbage-first heap   total 236544K, used 55554K [0x0000000080000000, 0x0000000100000000)
  region size 1024K, 12 young (12288K), 12 survivors (12288K)
 Metaspace       used 46699K, capacity 48041K, committed 48256K, reserved 1091584K
  class space    used 5968K, capacity 6438K, committed 6528K, reserved 1048576K
Heap Regions: E=young(eden), S=young(survivor), O=old, HS=humongous(starts), HC=humongous(continues), CS=collection set, F=free, A=archive, TAMS=top-at-mark-start (previous, next)
|   0|0x0000000080000000, 0x0000000080100000, 0x0000000080100000|100%| O|  |TAMS 0x0000000080100000, 0x0000000080000000| Untracked 
|   1|0x0000000080100000, 0x0000000080200000, 0x0000000080200000|100%| O|  |TAMS 0x0000000080200000, 0x0000000080100000| Untracked 
|   2|0x0000000080200000, 0x0000000080300000, 0x0000000080300000|100%| O|  |TAMS 0x0000000080300000, 0x0000000080200000| Untracked 
|   3|0x0000000080300000, 0x0000000080400000, 0x0000000080400000|100%|HS|  |TAMS 0x0000000080400000, 0x0000000080300000| Complete 
|   4|0x0000000080400000, 0x0000000080500000, 0x0000000080500000|100%|HC|  |TAMS 0x0000000080500000, 0x0000000080400000| Complete 
|   5|0x0000000080500000, 0x0000000080600000, 0x0000000080600000|100%|HC|  |TAMS 0x0000000080600000, 0x0000000080500000| Complete 
|   6|0x0000000080600000, 0x0000000080700000, 0x0000000080700000|100%| O|  |TAMS 0x0000000080700000, 0x0000000080600000| Untracked 
|   7|0x0000000080700000, 0x0000000080800000, 0x0000000080800000|100%| O|  |TAMS 0x0000000080800000, 0x0000000080700000| Untracked 
|   8|0x0000000080800000, 0x0000000080900000, 0x0000000080900000|100%| O|  |TAMS 0x0000000080900000, 0x0000000080800000| Untracked 
|   9|0x0000000080900000, 0x0000000080a00000, 0x0000000080a00000|100%| O|  |TAMS 0x0000000080a00000, 0x0000000080900000| Untracked 
|  10|0x0000000080a00000, 0x0000000080b00000, 0x0000000080b00000|100%| O|  |TAMS 0x0000000080b00000, 0x0000000080a00000| Untracked 
|  11|0x0000000080b00000, 0x0000000080c00000, 0x0000000080c00000|100%| O|  |TAMS 0x0000000080c00000, 0x0000000080b00000| Untracked 
|  12|0x0000000080c00000, 0x0000000080d00000, 0x0000000080d00000|100%| O|  |TAMS 0x0000000080d00000, 0x0000000080c00000| Untracked 
|  13|0x0000000080d00000, 0x0000000080e00000, 0x0000000080e00000|100%| O|  |TAMS 0x0000000080e00000, 0x0000000080d00000| Untracked 
|  14|0x0000000080e00000, 0x0000000080f00000, 0x0000000080f00000|100%| O|  |TAMS 0x0000000080f00000, 0x0000000080e00000| Untracked 
|  15|0x0000000080f00000, 0x0000000081000000, 0x0000000081000000|100%| O|  |TAMS 0x0000000081000000, 0x0000000080f00000| Untracked 
|  16|0x0000000081000000, 0x0000000081100000, 0x0000000081100000|100%| O|  |TAMS 0x0000000081100000, 0x0000000081000000| Untracked 
|  17|0x0000000081100000, 0x0000000081200000, 0x0000000081200000|100%|HS|  |TAMS 0x0000000081200000, 0x0000000081100000| Complete 
|  18|0x0000000081200000, 0x0000000081300000, 0x0000000081300000|100%|HC|  |TAMS 0x0000000081300000, 0x0000000081200000| Complete 
|  19|0x0000000081300000, 0x0000000081400000, 0x0000000081400000|100%|HS|  |TAMS 0x0000000081400000, 0x0000000081300000| Complete 
|  20|0x0000000081400000, 0x0000000081500000, 0x0000000081500000|100%|HC|  |TAMS 0x0000000081500000, 0x0000000081400000| Complete 
|  21|0x0000000081500000, 0x0000000081600000, 0x0000000081600000|100%|HC|  |TAMS 0x0000000081600000, 0x0000000081500000| Complete 
|  22|0x0000000081600000, 0x0000000081700000, 0x0000000081700000|100%|HS|  |TAMS 0x0000000081700000, 0x0000000081600000| Complete 
|  23|0x0000000081700000, 0x0000000081800000, 0x0000000081800000|100%|HC|  |TAMS 0x0000000081800000, 0x0000000081700000| Complete 
|  24|0x0000000081800000, 0x0000000081900000, 0x0000000081900000|100%|HC|  |TAMS 0x0000000081900000, 0x0000000081800000| Complete 
|  25|0x0000000081900000, 0x0000000081a00000, 0x0000000081a00000|100%|HC|  |TAMS 0x0000000081a00000, 0x0000000081900000| Complete 
|  26|0x0000000081a00000, 0x0000000081b00000, 0x0000000081b00000|100%|HC|  |TAMS 0x0000000081b00000, 0x0000000081a00000| Complete 
|  27|0x0000000081b00000, 0x0000000081c00000, 0x0000000081c00000|100%|HS|  |TAMS 0x0000000081b00000, 0x0000000081b00000| Complete 
|  28|0x0000000081c00000, 0x0000000081d00000, 0x0000000081d00000|100%|HC|  |TAMS 0x0000000081c00000, 0x0000000081c00000| Complete 
|  29|0x0000000081d00000, 0x0000000081e00000, 0x0000000081e00000|100%|HC|  |TAMS 0x0000000081d00000, 0x0000000081d00000| Complete 
|  30|0x0000000081e00000, 0x0000000081f00000, 0x0000000081f00000|100%| O|  |TAMS 0x0000000081f00000, 0x0000000081e00000| Untracked 
|  31|0x0000000081f00000, 0x0000000082000000, 0x0000000082000000|100%| O|  |TAMS 0x0000000082000000, 0x0000000081f00000| Untracked 
|  32|0x0000000082000000, 0x0000000082100000, 0x0000000082100000|100%| O|  |TAMS 0x0000000082100000, 0x0000000082000000| Untracked 
|  33|0x0000000082100000, 0x0000000082200000, 0x0000000082200000|100%| O|  |TAMS 0x0000000082111200, 0x0000000082100000| Untracked 
|  34|0x0000000082200000, 0x0000000082300000, 0x0000000082300000|100%|HS|  |TAMS 0x0000000082200000, 0x0000000082200000| Complete 
|  35|0x0000000082300000, 0x0000000082400000, 0x0000000082400000|100%|HC|  |TAMS 0x0000000082300000, 0x0000000082300000| Complete 
|  36|0x0000000082400000, 0x0000000082500000, 0x0000000082500000|100%|HC|  |TAMS 0x0000000082400000, 0x0000000082400000| Complete 
|  37|0x0000000082500000, 0x0000000082600000, 0x0000000082600000|100%|HC|  |TAMS 0x0000000082500000, 0x0000000082500000| Complete 
|  38|0x0000000082600000, 0x0000000082700000, 0x0000000082700000|100%|HC|  |TAMS 0x0000000082600000, 0x0000000082600000| Complete 
|  39|0x0000000082700000, 0x0000000082700000, 0x0000000082800000|  0%| F|  |TAMS 0x0000000082700000, 0x0000000082700000| Untracked 
|  40|0x0000000082800000, 0x0000000082900000, 0x0000000082900000|100%| O|  |TAMS 0x0000000082800000, 0x0000000082800000| Untracked 
|  41|0x0000000082900000, 0x0000000082a00000, 0x0000000082a00000|100%| O|  |TAMS 0x0000000082900000, 0x0000000082900000| Untracked 
|  42|0x0000000082a00000, 0x0000000082b00000, 0x0000000082b00000|100%| O|  |TAMS 0x0000000082a00000, 0x0000000082a00000| Untracked 
|  43|0x0000000082b00000, 0x0000000082b48a00, 0x0000000082c00000| 28%| O|  |TAMS 0x0000000082b00000, 0x0000000082b00000| Untracked 
|  44|0x0000000082c00000, 0x0000000082c00000, 0x0000000082d00000|  0%| F|  |TAMS 0x0000000082c00000, 0x0000000082c00000| Untracked 
|  45|0x0000000082d00000, 0x0000000082d00000, 0x0000000082e00000|  0%| F|  |TAMS 0x0000000082d00000, 0x0000000082d00000| Untracked 
|  46|0x0000000082e00000, 0x0000000082e00000, 0x0000000082f00000|  0%| F|  |TAMS 0x0000000082e00000, 0x0000000082e00000| Untracked 
|  47|0x0000000082f00000, 0x0000000082f00000, 0x0000000083000000|  0%| F|  |TAMS 0x0000000082f00000, 0x0000000082f00000| Untracked 
|  48|0x0000000083000000, 0x0000000083000000, 0x0000000083100000|  0%| F|  |TAMS 0x0000000083000000, 0x0000000083000000| Untracked 
|  49|0x0000000083100000, 0x0000000083100000, 0x0000000083200000|  0%| F|  |TAMS 0x0000000083100000, 0x0000000083100000| Untracked 
|  50|0x0000000083200000, 0x0000000083200000, 0x0000000083300000|  0%| F|  |TAMS 0x0000000083200000, 0x0000000083200000| Untracked 
|  51|0x0000000083300000, 0x0000000083300000, 0x0000000083400000|  0%| F|  |TAMS 0x0000000083300000, 0x0000000083300000| Untracked 
|  52|0x0000000083400000, 0x0000000083400000, 0x0000000083500000|  0%| F|  |TAMS 0x0000000083400000, 0x0000000083400000| Untracked 
|  53|0x0000000083500000, 0x0000000083500000, 0x0000000083600000|  0%| F|  |TAMS 0x0000000083500000, 0x0000000083500000| Untracked 
|  54|0x0000000083600000, 0x0000000083600000, 0x0000000083700000|  0%| F|  |TAMS 0x0000000083600000, 0x0000000083600000| Untracked 
|  55|0x0000000083700000, 0x0000000083700000, 0x0000000083800000|  0%| F|  |TAMS 0x0000000083700000, 0x0000000083700000| Untracked 
|  56|0x0000000083800000, 0x0000000083800000, 0x0000000083900000|  0%| F|  |TAMS 0x0000000083800000, 0x0000000083800000| Untracked 
|  57|0x0000000083900000, 0x0000000083900000, 0x0000000083a00000|  0%| F|  |TAMS 0x0000000083900000, 0x0000000083900000| Untracked 
|  58|0x0000000083a00000, 0x0000000083a00000, 0x0000000083b00000|  0%| F|  |TAMS 0x0000000083a00000, 0x0000000083a00000| Untracked 
|  59|0x0000000083b00000, 0x0000000083b00000, 0x0000000083c00000|  0%| F|  |TAMS 0x0000000083b00000, 0x0000000083b00000| Untracked 
|  60|0x0000000083c00000, 0x0000000083c00000, 0x0000000083d00000|  0%| F|  |TAMS 0x0000000083c00000, 0x0000000083c00000| Untracked 
|  61|0x0000000083d00000, 0x0000000083d00000, 0x0000000083e00000|  0%| F|  |TAMS 0x0000000083d00000, 0x0000000083d00000| Untracked 
|  62|0x0000000083e00000, 0x0000000083e00000, 0x0000000083f00000|  0%| F|  |TAMS 0x0000000083e00000, 0x0000000083e00000| Untracked 
|  63|0x0000000083f00000, 0x0000000083f00000, 0x0000000084000000|  0%| F|  |TAMS 0x0000000083f00000, 0x0000000083f00000| Untracked 
|  64|0x0000000084000000, 0x0000000084000000, 0x0000000084100000|  0%| F|  |TAMS 0x0000000084000000, 0x0000000084000000| Untracked 
|  65|0x0000000084100000, 0x0000000084100000, 0x0000000084200000|  0%| F|  |TAMS 0x0000000084100000, 0x0000000084100000| Untracked 
|  66|0x0000000084200000, 0x0000000084200000, 0x0000000084300000|  0%| F|  |TAMS 0x0000000084200000, 0x0000000084200000| Untracked 
|  67|0x0000000084300000, 0x0000000084300000, 0x0000000084400000|  0%| F|  |TAMS 0x0000000084300000, 0x0000000084300000| Untracked 
|  68|0x0000000084400000, 0x0000000084400000, 0x0000000084500000|  0%| F|  |TAMS 0x0000000084400000, 0x0000000084400000| Untracked 
|  69|0x0000000084500000, 0x0000000084500000, 0x0000000084600000|  0%| F|  |TAMS 0x0000000084500000, 0x0000000084500000| Untracked 
|  70|0x0000000084600000, 0x0000000084600000, 0x0000000084700000|  0%| F|  |TAMS 0x0000000084600000, 0x0000000084600000| Untracked 
|  71|0x0000000084700000, 0x0000000084700000, 0x0000000084800000|  0%| F|  |TAMS 0x0000000084700000, 0x0000000084700000| Untracked 
|  72|0x0000000084800000, 0x0000000084800000, 0x0000000084900000|  0%| F|  |TAMS 0x0000000084800000, 0x0000000084800000| Untracked 
|  73|0x0000000084900000, 0x0000000084900000, 0x0000000084a00000|  0%| F|  |TAMS 0x0000000084900000, 0x0000000084900000| Untracked 
|  74|0x0000000084a00000, 0x0000000084a00000, 0x0000000084b00000|  0%| F|  |TAMS 0x0000000084a00000, 0x0000000084a00000| Untracked 
|  75|0x0000000084b00000, 0x0000000084b00000, 0x0000000084c00000|  0%| F|  |TAMS 0x0000000084b00000, 0x0000000084b00000| Untracked 
|  76|0x0000000084c00000, 0x0000000084c00000, 0x0000000084d00000|  0%| F|  |TAMS 0x0000000084c00000, 0x0000000084c00000| Untracked 
|  77|0x0000000084d00000, 0x0000000084d00000, 0x0000000084e00000|  0%| F|  |TAMS 0x0000000084d00000, 0x0000000084d00000| Untracked 
|  78|0x0000000084e00000, 0x0000000084e00000, 0x0000000084f00000|  0%| F|  |TAMS 0x0000000084e00000, 0x0000000084e00000| Untracked 
|  79|0x0000000084f00000, 0x0000000084f00000, 0x0000000085000000|  0%| F|  |TAMS 0x0000000084f00000, 0x0000000084f00000| Untracked 
|  80|0x0000000085000000, 0x0000000085000000, 0x0000000085100000|  0%| F|  |TAMS 0x0000000085000000, 0x0000000085000000| Untracked 
|  81|0x0000000085100000, 0x0000000085100000, 0x0000000085200000|  0%| F|  |TAMS 0x0000000085100000, 0x0000000085100000| Untracked 
|  82|0x0000000085200000, 0x0000000085200000, 0x0000000085300000|  0%| F|  |TAMS 0x0000000085200000, 0x0000000085200000| Untracked 
|  83|0x0000000085300000, 0x0000000085300000, 0x0000000085400000|  0%| F|  |TAMS 0x0000000085300000, 0x0000000085300000| Untracked 
|  84|0x0000000085400000, 0x0000000085400000, 0x0000000085500000|  0%| F|  |TAMS 0x0000000085400000, 0x0000000085400000| Untracked 
|  85|0x0000000085500000, 0x00000000855f7fb0, 0x0000000085600000| 96%| S|CS|TAMS 0x0000000085500000, 0x0000000085500000| Complete 
|  86|0x0000000085600000, 0x0000000085700000, 0x0000000085700000|100%| S|CS|TAMS 0x0000000085600000, 0x0000000085600000| Complete 
|  87|0x0000000085700000, 0x0000000085800000, 0x0000000085800000|100%| S|CS|TAMS 0x0000000085700000, 0x0000000085700000| Complete 
|  88|0x0000000085800000, 0x0000000085900000, 0x0000000085900000|100%| S|CS|TAMS 0x0000000085800000, 0x0000000085800000| Complete 
|  89|0x0000000085900000, 0x0000000085a00000, 0x0000000085a00000|100%| S|CS|TAMS 0x0000000085900000, 0x0000000085900000| Complete 
|  90|0x0000000085a00000, 0x0000000085b00000, 0x0000000085b00000|100%| S|CS|TAMS 0x0000000085a00000, 0x0000000085a00000| Complete 
|  91|0x0000000085b00000, 0x0000000085c00000, 0x0000000085c00000|100%| S|CS|TAMS 0x0000000085b00000, 0x0000000085b00000| Complete 
|  92|0x0000000085c00000, 0x0000000085d00000, 0x0000000085d00000|100%| S|CS|TAMS 0x0000000085c00000, 0x0000000085c00000| Complete 
|  93|0x0000000085d00000, 0x0000000085e00000, 0x0000000085e00000|100%| S|CS|TAMS 0x0000000085d00000, 0x0000000085d00000| Complete 
|  94|0x0000000085e00000, 0x0000000085f00000, 0x0000000085f00000|100%| S|CS|TAMS 0x0000000085e00000, 0x0000000085e00000| Complete 
|  95|0x0000000085f00000, 0x0000000086000000, 0x0000000086000000|100%| S|CS|TAMS 0x0000000085f00000, 0x0000000085f00000| Complete 
|  96|0x0000000086000000, 0x0000000086100000, 0x0000000086100000|100%| S|CS|TAMS 0x0000000086000000, 0x0000000086000000| Complete 
|  97|0x0000000086100000, 0x0000000086100000, 0x0000000086200000|  0%| F|  |TAMS 0x0000000086100000, 0x0000000086100000| Untracked 
|  98|0x0000000086200000, 0x0000000086200000, 0x0000000086300000|  0%| F|  |TAMS 0x0000000086200000, 0x0000000086200000| Untracked 
|  99|0x0000000086300000, 0x0000000086300000, 0x0000000086400000|  0%| F|  |TAMS 0x0000000086300000, 0x0000000086300000| Untracked 
| 100|0x0000000086400000, 0x0000000086400000, 0x0000000086500000|  0%| F|  |TAMS 0x0000000086400000, 0x0000000086400000| Untracked 
| 101|0x0000000086500000, 0x0000000086500000, 0x0000000086600000|  0%| F|  |TAMS 0x0000000086500000, 0x0000000086500000| Untracked 
| 102|0x0000000086600000, 0x0000000086600000, 0x0000000086700000|  0%| F|  |TAMS 0x0000000086600000, 0x0000000086600000| Untracked 
| 103|0x0000000086700000, 0x0000000086700000, 0x0000000086800000|  0%| F|  |TAMS 0x0000000086700000, 0x0000000086700000| Untracked 
| 104|0x0000000086800000, 0x0000000086800000, 0x0000000086900000|  0%| F|  |TAMS 0x0000000086800000, 0x0000000086800000| Untracked 
| 105|0x0000000086900000, 0x0000000086900000, 0x0000000086a00000|  0%| F|  |TAMS 0x0000000086900000, 0x0000000086900000| Untracked 
| 106|0x0000000086a00000, 0x0000000086a00000, 0x0000000086b00000|  0%| F|  |TAMS 0x0000000086a00000, 0x0000000086a00000| Untracked 
| 107|0x0000000086b00000, 0x0000000086b00000, 0x0000000086c00000|  0%| F|  |TAMS 0x0000000086b00000, 0x0000000086b00000| Untracked 
| 108|0x0000000086c00000, 0x0000000086c00000, 0x0000000086d00000|  0%| F|  |TAMS 0x0000000086c00000, 0x0000000086c00000| Untracked 
| 109|0x0000000086d00000, 0x0000000086d00000, 0x0000000086e00000|  0%| F|  |TAMS 0x0000000086d00000, 0x0000000086d00000| Untracked 
| 110|0x0000000086e00000, 0x0000000086e00000, 0x0000000086f00000|  0%| F|  |TAMS 0x0000000086e00000, 0x0000000086e00000| Untracked 
| 111|0x0000000086f00000, 0x0000000086f00000, 0x0000000087000000|  0%| F|  |TAMS 0x0000000086f00000, 0x0000000086f00000| Untracked 
| 112|0x0000000087000000, 0x0000000087000000, 0x0000000087100000|  0%| F|  |TAMS 0x0000000087000000, 0x0000000087000000| Untracked 
| 113|0x0000000087100000, 0x0000000087100000, 0x0000000087200000|  0%| F|  |TAMS 0x0000000087100000, 0x0000000087100000| Untracked 
| 114|0x0000000087200000, 0x0000000087200000, 0x0000000087300000|  0%| F|  |TAMS 0x0000000087200000, 0x0000000087200000| Untracked 
| 115|0x0000000087300000, 0x0000000087300000, 0x0000000087400000|  0%| F|  |TAMS 0x0000000087300000, 0x0000000087300000| Untracked 
| 116|0x0000000087400000, 0x0000000087400000, 0x0000000087500000|  0%| F|  |TAMS 0x0000000087400000, 0x0000000087400000| Untracked 
| 117|0x0000000087500000, 0x0000000087500000, 0x0000000087600000|  0%| F|  |TAMS 0x0000000087500000, 0x0000000087500000| Untracked 
| 118|0x0000000087600000, 0x0000000087600000, 0x0000000087700000|  0%| F|  |TAMS 0x0000000087600000, 0x0000000087600000| Untracked 
| 119|0x0000000087700000, 0x0000000087700000, 0x0000000087800000|  0%| F|  |TAMS 0x0000000087700000, 0x0000000087700000| Untracked 
| 120|0x0000000087800000, 0x0000000087800000, 0x0000000087900000|  0%| F|  |TAMS 0x0000000087800000, 0x0000000087800000| Untracked 
| 121|0x0000000087900000, 0x0000000087900000, 0x0000000087a00000|  0%| F|  |TAMS 0x0000000087900000, 0x0000000087900000| Untracked 
| 122|0x0000000087a00000, 0x0000000087a00000, 0x0000000087b00000|  0%| F|  |TAMS 0x0000000087a00000, 0x0000000087a00000| Untracked 
| 123|0x0000000087b00000, 0x0000000087b00000, 0x0000000087c00000|  0%| F|  |TAMS 0x0000000087b00000, 0x0000000087b00000| Untracked 
| 124|0x0000000087c00000, 0x0000000087c00000, 0x0000000087d00000|  0%| F|  |TAMS 0x0000000087c00000, 0x0000000087c00000| Untracked 
| 125|0x0000000087d00000, 0x0000000087d00000, 0x0000000087e00000|  0%| F|  |TAMS 0x0000000087d00000, 0x0000000087d00000| Untracked 
| 126|0x0000000087e00000, 0x0000000087e00000, 0x0000000087f00000|  0%| F|  |TAMS 0x0000000087e00000, 0x0000000087e00000| Untracked 
| 127|0x0000000087f00000, 0x0000000087f00000, 0x0000000088000000|  0%| F|  |TAMS 0x0000000087f00000, 0x0000000087f00000| Untracked 
| 128|0x0000000088000000, 0x0000000088000000, 0x0000000088100000|  0%| F|  |TAMS 0x0000000088000000, 0x0000000088000000| Untracked 
| 129|0x0000000088100000, 0x0000000088100000, 0x0000000088200000|  0%| F|  |TAMS 0x0000000088100000, 0x0000000088100000| Untracked 
| 130|0x0000000088200000, 0x0000000088200000, 0x0000000088300000|  0%| F|  |TAMS 0x0000000088200000, 0x0000000088200000| Untracked 
| 131|0x0000000088300000, 0x0000000088300000, 0x0000000088400000|  0%| F|  |TAMS 0x0000000088300000, 0x0000000088300000| Untracked 
| 132|0x0000000088400000, 0x0000000088400000, 0x0000000088500000|  0%| F|  |TAMS 0x0000000088400000, 0x0000000088400000| Untracked 
| 133|0x0000000088500000, 0x0000000088500000, 0x0000000088600000|  0%| F|  |TAMS 0x0000000088500000, 0x0000000088500000| Untracked 
| 134|0x0000000088600000, 0x0000000088600000, 0x0000000088700000|  0%| F|  |TAMS 0x0000000088600000, 0x0000000088600000| Untracked 
| 135|0x0000000088700000, 0x0000000088700000, 0x0000000088800000|  0%| F|  |TAMS 0x0000000088700000, 0x0000000088700000| Untracked 
| 136|0x0000000088800000, 0x0000000088800000, 0x0000000088900000|  0%| F|  |TAMS 0x0000000088800000, 0x0000000088800000| Untracked 
| 137|0x0000000088900000, 0x0000000088900000, 0x0000000088a00000|  0%| F|  |TAMS 0x0000000088900000, 0x0000000088900000| Untracked 
| 138|0x0000000088a00000, 0x0000000088a00000, 0x0000000088b00000|  0%| F|  |TAMS 0x0000000088a00000, 0x0000000088a00000| Untracked 
| 139|0x0000000088b00000, 0x0000000088b00000, 0x0000000088c00000|  0%| F|  |TAMS 0x0000000088b00000, 0x0000000088b00000| Untracked 
| 140|0x0000000088c00000, 0x0000000088c00000, 0x0000000088d00000|  0%| F|  |TAMS 0x0000000088c00000, 0x0000000088c00000| Untracked 
| 141|0x0000000088d00000, 0x0000000088d00000, 0x0000000088e00000|  0%| F|  |TAMS 0x0000000088d00000, 0x0000000088d00000| Untracked 
| 142|0x0000000088e00000, 0x0000000088e00000, 0x0000000088f00000|  0%| F|  |TAMS 0x0000000088e00000, 0x0000000088e00000| Untracked 
| 143|0x0000000088f00000, 0x0000000088f00000, 0x0000000089000000|  0%| F|  |TAMS 0x0000000088f00000, 0x0000000088f00000| Untracked 
| 144|0x0000000089000000, 0x0000000089000000, 0x0000000089100000|  0%| F|  |TAMS 0x0000000089000000, 0x0000000089000000| Untracked 
| 145|0x0000000089100000, 0x0000000089100000, 0x0000000089200000|  0%| F|  |TAMS 0x0000000089100000, 0x0000000089100000| Untracked 
| 146|0x0000000089200000, 0x0000000089200000, 0x0000000089300000|  0%| F|  |TAMS 0x0000000089200000, 0x0000000089200000| Untracked 
| 147|0x0000000089300000, 0x0000000089300000, 0x0000000089400000|  0%| F|  |TAMS 0x0000000089300000, 0x0000000089300000| Untracked 
| 148|0x0000000089400000, 0x0000000089400000, 0x0000000089500000|  0%| F|  |TAMS 0x0000000089400000, 0x0000000089400000| Untracked 
| 149|0x0000000089500000, 0x0000000089500000, 0x0000000089600000|  0%| F|  |TAMS 0x0000000089500000, 0x0000000089500000| Untracked 
| 150|0x0000000089600000, 0x0000000089600000, 0x0000000089700000|  0%| F|  |TAMS 0x0000000089600000, 0x0000000089600000| Untracked 
| 151|0x0000000089700000, 0x0000000089700000, 0x0000000089800000|  0%| F|  |TAMS 0x0000000089700000, 0x0000000089700000| Untracked 
| 152|0x0000000089800000, 0x0000000089800000, 0x0000000089900000|  0%| F|  |TAMS 0x0000000089800000, 0x0000000089800000| Untracked 
| 153|0x0000000089900000, 0x0000000089900000, 0x0000000089a00000|  0%| F|  |TAMS 0x0000000089900000, 0x0000000089900000| Untracked 
| 154|0x0000000089a00000, 0x0000000089a00000, 0x0000000089b00000|  0%| F|  |TAMS 0x0000000089a00000, 0x0000000089a00000| Untracked 
| 155|0x0000000089b00000, 0x0000000089b00000, 0x0000000089c00000|  0%| F|  |TAMS 0x0000000089b00000, 0x0000000089b00000| Untracked 
| 156|0x0000000089c00000, 0x0000000089c00000, 0x0000000089d00000|  0%| F|  |TAMS 0x0000000089c00000, 0x0000000089c00000| Untracked 
| 157|0x0000000089d00000, 0x0000000089d00000, 0x0000000089e00000|  0%| F|  |TAMS 0x0000000089d00000, 0x0000000089d00000| Untracked 
| 158|0x0000000089e00000, 0x0000000089e00000, 0x0000000089f00000|  0%| F|  |TAMS 0x0000000089e00000, 0x0000000089e00000| Untracked 
| 159|0x0000000089f00000, 0x0000000089f00000, 0x000000008a000000|  0%| F|  |TAMS 0x0000000089f00000, 0x0000000089f00000| Untracked 
| 160|0x000000008a000000, 0x000000008a000000, 0x000000008a100000|  0%| F|  |TAMS 0x000000008a000000, 0x000000008a000000| Untracked 
| 161|0x000000008a100000, 0x000000008a100000, 0x000000008a200000|  0%| F|  |TAMS 0x000000008a100000, 0x000000008a100000| Untracked 
| 162|0x000000008a200000, 0x000000008a200000, 0x000000008a300000|  0%| F|  |TAMS 0x000000008a200000, 0x000000008a200000| Untracked 
| 163|0x000000008a300000, 0x000000008a300000, 0x000000008a400000|  0%| F|  |TAMS 0x000000008a300000, 0x000000008a300000| Untracked 
| 164|0x000000008a400000, 0x000000008a400000, 0x000000008a500000|  0%| F|  |TAMS 0x000000008a400000, 0x000000008a400000| Untracked 
| 165|0x000000008a500000, 0x000000008a500000, 0x000000008a600000|  0%| F|  |TAMS 0x000000008a500000, 0x000000008a500000| Untracked 
| 166|0x000000008a600000, 0x000000008a600000, 0x000000008a700000|  0%| F|  |TAMS 0x000000008a600000, 0x000000008a600000| Untracked 
| 167|0x000000008a700000, 0x000000008a700000, 0x000000008a800000|  0%| F|  |TAMS 0x000000008a700000, 0x000000008a700000| Untracked 
| 168|0x000000008a800000, 0x000000008a800000, 0x000000008a900000|  0%| F|  |TAMS 0x000000008a800000, 0x000000008a800000| Untracked 
| 169|0x000000008a900000, 0x000000008a900000, 0x000000008aa00000|  0%| F|  |TAMS 0x000000008a900000, 0x000000008a900000| Untracked 
| 170|0x000000008aa00000, 0x000000008aa00000, 0x000000008ab00000|  0%| F|  |TAMS 0x000000008aa00000, 0x000000008aa00000| Untracked 
| 171|0x000000008ab00000, 0x000000008ab00000, 0x000000008ac00000|  0%| F|  |TAMS 0x000000008ab00000, 0x000000008ab00000| Untracked 
| 172|0x000000008ac00000, 0x000000008ac00000, 0x000000008ad00000|  0%| F|  |TAMS 0x000000008ac00000, 0x000000008ac00000| Untracked 
| 173|0x000000008ad00000, 0x000000008ad00000, 0x000000008ae00000|  0%| F|  |TAMS 0x000000008ad00000, 0x000000008ad00000| Untracked 
| 174|0x000000008ae00000, 0x000000008ae00000, 0x000000008af00000|  0%| F|  |TAMS 0x000000008ae00000, 0x000000008ae00000| Untracked 
| 175|0x000000008af00000, 0x000000008af00000, 0x000000008b000000|  0%| F|  |TAMS 0x000000008af00000, 0x000000008af00000| Untracked 
| 176|0x000000008b000000, 0x000000008b000000, 0x000000008b100000|  0%| F|  |TAMS 0x000000008b000000, 0x000000008b000000| Untracked 
| 177|0x000000008b100000, 0x000000008b100000, 0x000000008b200000|  0%| F|  |TAMS 0x000000008b100000, 0x000000008b100000| Untracked 
| 178|0x000000008b200000, 0x000000008b200000, 0x000000008b300000|  0%| F|  |TAMS 0x000000008b200000, 0x000000008b200000| Untracked 
| 179|0x000000008b300000, 0x000000008b300000, 0x000000008b400000|  0%| F|  |TAMS 0x000000008b300000, 0x000000008b300000| Untracked 
| 180|0x000000008b400000, 0x000000008b400000, 0x000000008b500000|  0%| F|  |TAMS 0x000000008b400000, 0x000000008b400000| Untracked 
| 181|0x000000008b500000, 0x000000008b500000, 0x000000008b600000|  0%| F|  |TAMS 0x000000008b500000, 0x000000008b500000| Untracked 
| 182|0x000000008b600000, 0x000000008b600000, 0x000000008b700000|  0%| F|  |TAMS 0x000000008b600000, 0x000000008b600000| Untracked 
| 183|0x000000008b700000, 0x000000008b700000, 0x000000008b800000|  0%| F|  |TAMS 0x000000008b700000, 0x000000008b700000| Untracked 
| 184|0x000000008b800000, 0x000000008b800000, 0x000000008b900000|  0%| F|  |TAMS 0x000000008b800000, 0x000000008b800000| Untracked 
| 185|0x000000008b900000, 0x000000008b900000, 0x000000008ba00000|  0%| F|  |TAMS 0x000000008b900000, 0x000000008b900000| Untracked 
| 186|0x000000008ba00000, 0x000000008ba00000, 0x000000008bb00000|  0%| F|  |TAMS 0x000000008ba00000, 0x000000008ba00000| Untracked 
| 187|0x000000008bb00000, 0x000000008bb00000, 0x000000008bc00000|  0%| F|  |TAMS 0x000000008bb00000, 0x000000008bb00000| Untracked 
| 188|0x000000008bc00000, 0x000000008bc00000, 0x000000008bd00000|  0%| F|  |TAMS 0x000000008bc00000, 0x000000008bc00000| Untracked 
| 189|0x000000008bd00000, 0x000000008bd00000, 0x000000008be00000|  0%| F|  |TAMS 0x000000008bd00000, 0x000000008bd00000| Untracked 
| 190|0x000000008be00000, 0x000000008be00000, 0x000000008bf00000|  0%| F|  |TAMS 0x000000008be00000, 0x000000008be00000| Untracked 
| 191|0x000000008bf00000, 0x000000008bf00000, 0x000000008c000000|  0%| F|  |TAMS 0x000000008bf00000, 0x000000008bf00000| Untracked 

Card table byte_map: [0x000001f6962f0000,0x000001f6966f0000] _byte_map_base: 0x000001f695ef0000

Marking Bits (Prev, Next): (CMBitMap*) 0x000001f682dec520, (CMBitMap*) 0x000001f682dec4e8
 Prev Bits: [0x000001f698af0000, 0x000001f69aaf0000)
 Next Bits: [0x000001f696af0000, 0x000001f698af0000)

Polling page: 0x000001f6868a0000

Metaspace:

Usage:
  Non-class:     40.63 MB capacity,    39.78 MB ( 98%) used,   755.45 KB (  2%) free+waste,   117.13 KB ( <1%) overhead. 
      Class:      6.29 MB capacity,     5.83 MB ( 93%) used,   412.38 KB (  6%) free+waste,    57.00 KB ( <1%) overhead. 
       Both:     46.92 MB capacity,    45.60 MB ( 97%) used,     1.14 MB (  2%) free+waste,   174.13 KB ( <1%) overhead. 

Virtual space:
  Non-class space:       42.00 MB reserved,      40.75 MB ( 97%) committed 
      Class space:        1.00 GB reserved,       6.38 MB ( <1%) committed 
             Both:        1.04 GB reserved,      47.13 MB (  4%) committed 

Chunk freelists:
   Non-Class:  61.00 KB
       Class:  26.00 KB
        Both:  87.00 KB

MaxMetaspaceSize: 17179869184.00 GB
CompressedClassSpaceSize: 1.00 GB

CodeHeap 'non-profiled nmethods': size=120064Kb used=2259Kb max_used=2259Kb free=117804Kb
 bounds [0x000001f68e380000, 0x000001f68e5f0000, 0x000001f6958c0000]
CodeHeap 'profiled nmethods': size=120000Kb used=9172Kb max_used=9172Kb free=110827Kb
 bounds [0x000001f686e50000, 0x000001f687750000, 0x000001f68e380000]
CodeHeap 'non-nmethods': size=5696Kb used=2208Kb max_used=2255Kb free=3487Kb
 bounds [0x000001f6868c0000, 0x000001f686b30000, 0x000001f686e50000]
 total_blobs=4993 nmethods=4215 adapters=688
 compilation: enabled
              stopped_count=0, restarted_count=0
 full_count=0

Compilation events (20 events):
Event: 12.822 Thread 0x000001f69d9de000 4240       3       org.codehaus.groovy.util.FastArray::set (8 bytes)
Event: 12.822 Thread 0x000001f69d9de000 nmethod 4240 0x000001f68773e190 code [0x000001f68773e360, 0x000001f68773e5f8]
Event: 12.825 Thread 0x000001f69d9de000 4241       3       java.beans.MethodDescriptor::resolve (32 bytes)
Event: 12.826 Thread 0x000001f69d9de000 nmethod 4241 0x000001f68773e710 code [0x000001f68773e900, 0x000001f68773ee38]
Event: 12.826 Thread 0x000001f69d9de000 4242       3       java.beans.FeatureDescriptor::<init> (137 bytes)
Event: 12.828 Thread 0x000001f69d9de000 nmethod 4242 0x000001f68773f010 code [0x000001f68773f2c0, 0x000001f6877400b8]
Event: 12.828 Thread 0x000001f69d9de000 4243       3       sun.reflect.generics.parser.SignatureParser::parseTypeVariableSignature (93 bytes)
Event: 12.829 Thread 0x000001f69d9de000 nmethod 4243 0x000001f687740410 code [0x000001f687740720, 0x000001f687741448]
Event: 12.829 Thread 0x000001f69d9de000 4244       3       sun.reflect.generics.tree.BottomSignature::make (4 bytes)
Event: 12.830 Thread 0x000001f69d9de000 nmethod 4244 0x000001f687741990 code [0x000001f687741b40, 0x000001f687741c38]
Event: 12.830 Thread 0x000001f69d9de000 4246       3       groovy.lang.MetaClassImpl::inheritInterfaceNewMetaMethods (195 bytes)
Event: 12.833 Thread 0x000001f69d9de000 nmethod 4246 0x000001f687741c90 code [0x000001f687741fe0, 0x000001f687743448]
Event: 12.833 Thread 0x000001f69d9de000 4247       2       java.lang.invoke.LambdaForm$MH/0x00000001000ea440::invoke (155 bytes)
Event: 12.834 Thread 0x000001f69d9de000 nmethod 4247 0x000001f687743b90 code [0x000001f687743dc0, 0x000001f6877441d8]
Event: 12.842 Thread 0x000001f69d9de000 4248       2       java.util.concurrent.atomic.AtomicReference::compareAndSet (10 bytes)
Event: 12.843 Thread 0x000001f69d9de000 nmethod 4248 0x000001f687744610 code [0x000001f687744820, 0x000001f687744d38]
Event: 12.859 Thread 0x000001f69d9de000 4249       2       sun.misc.Unsafe::compareAndSwapObject (13 bytes)
Event: 12.859 Thread 0x000001f69d9de000 nmethod 4249 0x000001f687744f90 code [0x000001f687745140, 0x000001f687745298]
Event: 12.867 Thread 0x000001f69d9dc800 nmethod 4231 0x000001f68e5b2990 code [0x000001f68e5b2ba0, 0x000001f68e5b4218]
Event: 12.867 Thread 0x000001f69d9dc800 4228       4       java.util.zip.ZipFile::getZipEntry (325 bytes)

GC Heap History (17 events):
Event: 0.872 GC heap before
{Heap before GC invocations=0 (full 0):
 garbage-first heap   total 196608K, used 19456K [0x0000000080000000, 0x0000000100000000)
  region size 1024K, 14 young (14336K), 0 survivors (0K)
 Metaspace       used 6732K, capacity 6921K, committed 7168K, reserved 1056768K
  class space    used 582K, capacity 650K, committed 768K, reserved 1048576K
}
Event: 0.890 GC heap after
{Heap after GC invocations=1 (full 0):
 garbage-first heap   total 196608K, used 8143K [0x0000000080000000, 0x0000000100000000)
  region size 1024K, 2 young (2048K), 2 survivors (2048K)
 Metaspace       used 6732K, capacity 6921K, committed 7168K, reserved 1056768K
  class space    used 582K, capacity 650K, committed 768K, reserved 1048576K
}
Event: 1.405 GC heap before
{Heap before GC invocations=1 (full 0):
 garbage-first heap   total 196608K, used 19407K [0x0000000080000000, 0x0000000100000000)
  region size 1024K, 13 young (13312K), 2 survivors (2048K)
 Metaspace       used 10213K, capacity 10421K, committed 10624K, reserved 1058816K
  class space    used 1065K, capacity 1139K, committed 1152K, reserved 1048576K
}
Event: 1.410 GC heap after
{Heap after GC invocations=2 (full 0):
 garbage-first heap   total 196608K, used 9545K [0x0000000080000000, 0x0000000100000000)
  region size 1024K, 2 young (2048K), 2 survivors (2048K)
 Metaspace       used 10213K, capacity 10421K, committed 10624K, reserved 1058816K
  class space    used 1065K, capacity 1139K, committed 1152K, reserved 1048576K
}
Event: 2.185 GC heap before
{Heap before GC invocations=2 (full 0):
 garbage-first heap   total 196608K, used 38217K [0x0000000080000000, 0x0000000100000000)
  region size 1024K, 30 young (30720K), 2 survivors (2048K)
 Metaspace       used 11135K, capacity 11438K, committed 11520K, reserved 1058816K
  class space    used 1166K, capacity 1243K, committed 1280K, reserved 1048576K
}
Event: 2.189 GC heap after
{Heap after GC invocations=3 (full 0):
 garbage-first heap   total 196608K, used 11729K [0x0000000080000000, 0x0000000100000000)
  region size 1024K, 3 young (3072K), 3 survivors (3072K)
 Metaspace       used 11135K, capacity 11438K, committed 11520K, reserved 1058816K
  class space    used 1166K, capacity 1243K, committed 1280K, reserved 1048576K
}
Event: 5.607 GC heap before
{Heap before GC invocations=3 (full 0):
 garbage-first heap   total 196608K, used 73169K [0x0000000080000000, 0x0000000100000000)
  region size 1024K, 63 young (64512K), 3 survivors (3072K)
 Metaspace       used 19719K, capacity 20216K, committed 20224K, reserved 1067008K
  class space    used 2404K, capacity 2555K, committed 2560K, reserved 1048576K
}
Event: 5.620 GC heap after
{Heap after GC invocations=4 (full 0):
 garbage-first heap   total 196608K, used 16633K [0x0000000080000000, 0x0000000100000000)
  region size 1024K, 8 young (8192K), 8 survivors (8192K)
 Metaspace       used 19719K, capacity 20216K, committed 20224K, reserved 1067008K
  class space    used 2404K, capacity 2555K, committed 2560K, reserved 1048576K
}
Event: 5.756 GC heap before
{Heap before GC invocations=4 (full 0):
 garbage-first heap   total 196608K, used 20729K [0x0000000080000000, 0x0000000100000000)
  region size 1024K, 13 young (13312K), 8 survivors (8192K)
 Metaspace       used 20538K, capacity 21087K, committed 21248K, reserved 1067008K
  class space    used 2511K, capacity 2701K, committed 2816K, reserved 1048576K
}
Event: 5.769 GC heap after
{Heap after GC invocations=5 (full 0):
 garbage-first heap   total 196608K, used 17498K [0x0000000080000000, 0x0000000100000000)
  region size 1024K, 1 young (1024K), 1 survivors (1024K)
 Metaspace       used 20538K, capacity 21087K, committed 21248K, reserved 1067008K
  class space    used 2511K, capacity 2701K, committed 2816K, reserved 1048576K
}
Event: 7.051 GC heap before
{Heap before GC invocations=6 (full 0):
 garbage-first heap   total 196608K, used 77914K [0x0000000080000000, 0x0000000100000000)
  region size 1024K, 55 young (56320K), 1 survivors (1024K)
 Metaspace       used 26135K, capacity 26859K, committed 27008K, reserved 1073152K
  class space    used 3427K, capacity 3689K, committed 3712K, reserved 1048576K
}
Event: 7.068 GC heap after
{Heap after GC invocations=7 (full 0):
 garbage-first heap   total 196608K, used 25677K [0x0000000080000000, 0x0000000100000000)
  region size 1024K, 4 young (4096K), 4 survivors (4096K)
 Metaspace       used 26135K, capacity 26859K, committed 27008K, reserved 1073152K
  class space    used 3427K, capacity 3689K, committed 3712K, reserved 1048576K
}
Event: 9.229 GC heap before
{Heap before GC invocations=7 (full 0):
 garbage-first heap   total 196608K, used 94285K [0x0000000080000000, 0x0000000100000000)
  region size 1024K, 67 young (68608K), 4 survivors (4096K)
 Metaspace       used 34763K, capacity 35710K, committed 35840K, reserved 1081344K
  class space    used 4535K, capacity 4896K, committed 4992K, reserved 1048576K
}
Event: 9.249 GC heap after
{Heap after GC invocations=8 (full 0):
 garbage-first heap   total 196608K, used 35344K [0x0000000080000000, 0x0000000100000000)
  region size 1024K, 9 young (9216K), 9 survivors (9216K)
 Metaspace       used 34763K, capacity 35710K, committed 35840K, reserved 1081344K
  class space    used 4535K, capacity 4896K, committed 4992K, reserved 1048576K
}
Event: 10.910 GC heap before
{Heap before GC invocations=9 (full 0):
 garbage-first heap   total 196608K, used 109072K [0x0000000080000000, 0x0000000100000000)
  region size 1024K, 78 young (79872K), 9 survivors (9216K)
 Metaspace       used 41373K, capacity 42469K, committed 42752K, reserved 1085440K
  class space    used 5325K, capacity 5764K, committed 5888K, reserved 1048576K
}
Event: 10.936 GC heap after
{Heap after GC invocations=10 (full 0):
 garbage-first heap   total 196608K, used 39952K [0x0000000080000000, 0x0000000100000000)
  region size 1024K, 9 young (9216K), 9 survivors (9216K)
 Metaspace       used 41373K, capacity 42469K, committed 42752K, reserved 1085440K
  class space    used 5325K, capacity 5764K, committed 5888K, reserved 1048576K
}
Event: 12.874 GC heap before
{Heap before GC invocations=11 (full 0):
 garbage-first heap   total 196608K, used 137232K [0x0000000080000000, 0x0000000100000000)
  region size 1024K, 95 young (97280K), 9 survivors (9216K)
 Metaspace       used 46699K, capacity 48041K, committed 48256K, reserved 1091584K
  class space    used 5968K, capacity 6438K, committed 6528K, reserved 1048576K
}

Deoptimization events (20 events):
Event: 12.130 Thread 0x000001f6a0c3d800 Uncommon trap: trap_request=0xffffff4d fr.pc=0x000001f68e589b24 relative=0x0000000000001424
Event: 12.131 Thread 0x000001f6a0c3d800 Uncommon trap: reason=unstable_if action=reinterpret pc=0x000001f68e589b24 method=org.codehaus.groovy.reflection.CachedMethod.compareToMethod(Ljava/lang/reflect/Method;)I @ 43 c2
Event: 12.131 Thread 0x000001f6a0c3d800 DEOPT PACKING pc=0x000001f68e589b24 sp=0x0000007b9e0f6210
Event: 12.131 Thread 0x000001f6a0c3d800 DEOPT UNPACKING pc=0x000001f6868e78af sp=0x0000007b9e0f6068 mode 2
Event: 12.227 Thread 0x000001f6a0c3d800 Uncommon trap: trap_request=0xffffff4d fr.pc=0x000001f68e4d0634 relative=0x0000000000000114
Event: 12.227 Thread 0x000001f6a0c3d800 Uncommon trap: reason=unstable_if action=reinterpret pc=0x000001f68e4d0634 method=java.util.Arrays.hashCode([Ljava/lang/Object;)I @ 34 c2
Event: 12.227 Thread 0x000001f6a0c3d800 DEOPT PACKING pc=0x000001f68e4d0634 sp=0x0000007b9e0f99d0
Event: 12.227 Thread 0x000001f6a0c3d800 DEOPT UNPACKING pc=0x000001f6868e78af sp=0x0000007b9e0f9948 mode 2
Event: 12.300 Thread 0x000001f6a0c3d800 Uncommon trap: trap_request=0xffffff4d fr.pc=0x000001f68e5662f0 relative=0x00000000000010b0
Event: 12.300 Thread 0x000001f6a0c3d800 Uncommon trap: reason=unstable_if action=reinterpret pc=0x000001f68e5662f0 method=org.objectweb.asm.Frame.execute(IILorg/objectweb/asm/Symbol;Lorg/objectweb/asm/SymbolTable;)V @ 1 c2
Event: 12.300 Thread 0x000001f6a0c3d800 DEOPT PACKING pc=0x000001f68e5662f0 sp=0x0000007b9e0fb280
Event: 12.300 Thread 0x000001f6a0c3d800 DEOPT UNPACKING pc=0x000001f6868e78af sp=0x0000007b9e0fb228 mode 2
Event: 12.622 Thread 0x000001f6a0c3d800 Uncommon trap: trap_request=0xffffff4d fr.pc=0x000001f68e4cab08 relative=0x00000000000000e8
Event: 12.622 Thread 0x000001f6a0c3d800 Uncommon trap: reason=unstable_if action=reinterpret pc=0x000001f68e4cab08 method=org.objectweb.asm.ByteVector.putShort(I)Lorg/objectweb/asm/ByteVector; @ 13 c2
Event: 12.622 Thread 0x000001f6a0c3d800 DEOPT PACKING pc=0x000001f68e4cab08 sp=0x0000007b9e0f19c0
Event: 12.622 Thread 0x000001f6a0c3d800 DEOPT UNPACKING pc=0x000001f6868e78af sp=0x0000007b9e0f1948 mode 2
Event: 12.688 Thread 0x000001f6a0c3d800 Uncommon trap: trap_request=0xffffff4d fr.pc=0x000001f68e5368ac relative=0x0000000000001f8c
Event: 12.688 Thread 0x000001f6a0c3d800 Uncommon trap: reason=unstable_if action=reinterpret pc=0x000001f68e5368ac method=jdk.internal.org.objectweb.asm.Frame.execute(IILjdk/internal/org/objectweb/asm/ClassWriter;Ljdk/internal/org/objectweb/asm/Item;)V @ 1 c2
Event: 12.688 Thread 0x000001f6a0c3d800 DEOPT PACKING pc=0x000001f68e5368ac sp=0x0000007b9e0f40a0
Event: 12.688 Thread 0x000001f6a0c3d800 DEOPT UNPACKING pc=0x000001f6868e78af sp=0x0000007b9e0f4068 mode 2

Classes redefined (0 events):
No events

Internal exceptions (20 events):
Event: 12.687 Thread 0x000001f6a0c3d800 Exception <a 'java/lang/NoSuchMethodError'{0x0000000087438710}: 'java.lang.Object java.lang.invoke.DelegatingMethodHandle$Holder.delegate(java.lang.Object, java.lang.Object, java.lang.Object, java.lang.Object, java.lang.Object, java.lang.Object, java.lang.Object, java.lang.Object, java.lang.Object, java.lang.Object, java.lang.Object, java.lang.Object, java.lang.Object, java.lang.Object, java.lang.Object, java.lang.Object, java.lang.Object, java.lang.Object, java.lang.Object, java.lang.Object, java.lang.Obj
Event: 12.706 Thread 0x000001f6a0c3d800 Exception <a 'java/lang/NoSuchMethodError'{0x00000000874b8f00}: 'java.lang.Object java.lang.invoke.DirectMethodHandle$Holder.invokeStatic(java.lang.Object, java.lang.Object, java.lang.Object, java.lang.Object, java.lang.Object, java.lang.Object, java.lang.Object, java.lang.Object, java.lang.Object, java.lang.Object, java.lang.Object, java.lang.Object, java.lang.Object, java.lang.Object, java.lang.Object)'> (0x00000000874b8f00) thrown at [./src/hotspot/share/interpreter/linkResolver.cpp, line 773]
Event: 12.710 Thread 0x000001f6a0c3d800 Exception <a 'java/lang/NoSuchMethodError'{0x00000000874c9d30}: 'java.lang.Object java.lang.invoke.DirectMethodHandle$Holder.invokeStatic(java.lang.Object, java.lang.Object, java.lang.Object, java.lang.Object, java.lang.Object, java.lang.Object, java.lang.Object, java.lang.Object, java.lang.Object, java.lang.Object, java.lang.Object, java.lang.Object, java.lang.Object, java.lang.Object, java.lang.Object, java.lang.Object)'> (0x00000000874c9d30) thrown at [./src/hotspot/share/interpreter/linkResolver.cpp, l
Event: 12.712 Thread 0x000001f6a0c3d800 Exception <a 'java/lang/NoSuchMethodError'{0x00000000874daa70}: 'java.lang.Object java.lang.invoke.DelegatingMethodHandle$Holder.reinvoke_L(java.lang.Object, java.lang.Object, java.lang.Object, java.lang.Object, java.lang.Object, java.lang.Object, java.lang.Object, java.lang.Object, java.lang.Object, java.lang.Object, java.lang.Object, java.lang.Object, java.lang.Object, java.lang.Object, java.lang.Object, java.lang.Object, java.lang.Object, java.lang.Object, java.lang.Object, java.lang.Object)'> (0x000000
Event: 12.772 Thread 0x000001f6a0c3d800 Exception <a 'java/lang/ClassNotFoundException'{0x0000000086838f60}: org/gradle/internal/service/scopes/ProjectScopeServicesBeanInfo> (0x0000000086838f60) thrown at [./src/hotspot/share/classfile/systemDictionary.cpp, line 231]
Event: 12.772 Thread 0x000001f6a0c3d800 Exception <a 'java/lang/ClassNotFoundException'{0x0000000086850aa8}: org/gradle/internal/service/DefaultServiceRegistryBeanInfo> (0x0000000086850aa8) thrown at [./src/hotspot/share/classfile/systemDictionary.cpp, line 231]
Event: 12.773 Thread 0x000001f6a0c3d800 Exception <a 'java/lang/ClassNotFoundException'{0x0000000086868dc0}: org/gradle/internal/service/DefaultServiceRegistryCustomizer> (0x0000000086868dc0) thrown at [./src/hotspot/share/classfile/systemDictionary.cpp, line 231]
Event: 12.776 Thread 0x000001f6a0c3d800 Exception <a 'java/lang/ClassNotFoundException'{0x000000008688ed60}: org/gradle/internal/service/scopes/ProjectScopeServicesCustomizer> (0x000000008688ed60) thrown at [./src/hotspot/share/classfile/systemDictionary.cpp, line 231]
Event: 12.784 Thread 0x000001f6a0c3d800 Exception <a 'java/lang/ClassNotFoundException'{0x00000000868dd958}: org/gradle/tooling/provider/model/internal/DefaultToolingModelBuilderRegistryBeanInfo> (0x00000000868dd958) thrown at [./src/hotspot/share/classfile/systemDictionary.cpp, line 231]
Event: 12.785 Thread 0x000001f6a0c3d800 Exception <a 'java/lang/ClassNotFoundException'{0x00000000868f9980}: org/gradle/tooling/provider/model/internal/DefaultToolingModelBuilderRegistryCustomizer> (0x00000000868f9980) thrown at [./src/hotspot/share/classfile/systemDictionary.cpp, line 231]
Event: 12.796 Thread 0x000001f6a0c3d800 Exception <a 'java/lang/ClassNotFoundException'{0x000000008669a0d8}: org/codehaus/groovy/reflection/CachedFieldBeanInfo> (0x000000008669a0d8) thrown at [./src/hotspot/share/classfile/systemDictionary.cpp, line 231]
Event: 12.798 Thread 0x000001f6a0c3d800 Exception <a 'java/lang/ClassNotFoundException'{0x00000000866bb4f8}: groovy/lang/MetaPropertyBeanInfo> (0x00000000866bb4f8) thrown at [./src/hotspot/share/classfile/systemDictionary.cpp, line 231]
Event: 12.799 Thread 0x000001f6a0c3d800 Exception <a 'java/lang/ClassNotFoundException'{0x00000000866dd168}: groovy/lang/MetaPropertyCustomizer> (0x00000000866dd168) thrown at [./src/hotspot/share/classfile/systemDictionary.cpp, line 231]
Event: 12.808 Thread 0x000001f6a0c3d800 Exception <a 'java/lang/ClassNotFoundException'{0x0000000086466a68}: org/codehaus/groovy/reflection/CachedFieldCustomizer> (0x0000000086466a68) thrown at [./src/hotspot/share/classfile/systemDictionary.cpp, line 231]
Event: 12.821 Thread 0x000001f6a0c3d800 Exception <a 'java/lang/ClassNotFoundException'{0x000000008638d318}: java/util/ArrayListBeanInfo> (0x000000008638d318) thrown at [./src/hotspot/share/classfile/systemDictionary.cpp, line 231]
Event: 12.822 Thread 0x000001f6a0c3d800 Exception <a 'java/lang/ClassNotFoundException'{0x0000000086398110}: java/util/AbstractListBeanInfo> (0x0000000086398110) thrown at [./src/hotspot/share/classfile/systemDictionary.cpp, line 231]
Event: 12.822 Thread 0x000001f6a0c3d800 Exception <a 'java/lang/ClassNotFoundException'{0x00000000863a31c0}: java/util/AbstractListCustomizer> (0x00000000863a31c0) thrown at [./src/hotspot/share/classfile/systemDictionary.cpp, line 231]
Event: 12.824 Thread 0x000001f6a0c3d800 Exception <a 'java/lang/ClassNotFoundException'{0x00000000863b8c88}: java/util/ArrayListCustomizer> (0x00000000863b8c88) thrown at [./src/hotspot/share/classfile/systemDictionary.cpp, line 231]
Event: 12.833 Thread 0x000001f6a0c3d800 Exception <a 'java/lang/ClassNotFoundException'{0x000000008623da30}: java/util/CollectionBeanInfo> (0x000000008623da30) thrown at [./src/hotspot/share/classfile/systemDictionary.cpp, line 231]
Event: 12.833 Thread 0x000001f6a0c3d800 Exception <a 'java/lang/ClassNotFoundException'{0x0000000086248aa0}: java/util/CollectionCustomizer> (0x0000000086248aa0) thrown at [./src/hotspot/share/classfile/systemDictionary.cpp, line 231]

Events (20 events):
Event: 12.857 loading class org/gradle/api/plugins/HelpTasksPlugin$HelpAction done
Event: 12.860 loading class org/gradle/api/tasks/diagnostics/OutgoingVariantsReportTask
Event: 12.860 loading class org/gradle/api/tasks/diagnostics/OutgoingVariantsReportTask done
Event: 12.862 loading class org/gradle/configuration/Help
Event: 12.862 loading class org/gradle/configuration/Help done
Event: 12.865 loading class org/gradle/model/internal/registry/DefaultModelRegistry
Event: 12.865 loading class org/gradle/model/internal/registry/DefaultModelRegistry done
Event: 12.867 loading class org/gradle/model/internal/registry/ModelRegistryInternal
Event: 12.867 loading class org/gradle/model/internal/registry/ModelRegistryInternal done
Event: 12.868 loading class org/gradle/model/internal/registry/ModelNodeInternal
Event: 12.868 loading class org/gradle/model/internal/registry/ModelNodeInternal done
Event: 12.870 loading class org/gradle/model/internal/registry/ModelElementNode
Event: 12.870 loading class org/gradle/model/internal/registry/ModelElementNode done
Event: 12.872 loading class org/gradle/model/internal/core/ModelRuleExecutionException
Event: 12.872 loading class org/gradle/model/internal/core/ModelRuleExecutionException done
Event: 12.873 loading class org/gradle/model/ConfigurationCycleException
Event: 12.873 loading class org/gradle/model/ConfigurationCycleException done
Event: 12.873 loading class org/gradle/model/internal/registry/ModelListener
Event: 12.873 loading class org/gradle/model/internal/registry/ModelListener done
Event: 12.874 Executing VM operation: G1CollectForAllocation


Dynamic libraries:
0x00007ff77bd60000 - 0x00007ff77bd6a000 	C:\Program Files\Android\Android Studio\jre\bin\java.exe
0x00007ffdd8e90000 - 0x00007ffdd9085000 	C:\WINDOWS\SYSTEM32\ntdll.dll
0x00007ffdd8500000 - 0x00007ffdd85be000 	C:\WINDOWS\System32\KERNEL32.DLL
0x00007ffdd6750000 - 0x00007ffdd6a18000 	C:\WINDOWS\System32\KERNELBASE.dll
0x00007ffdd6b60000 - 0x00007ffdd6c60000 	C:\WINDOWS\System32\ucrtbase.dll
0x00007ffdccb80000 - 0x00007ffdccb97000 	C:\Program Files\Android\Android Studio\jre\bin\VCRUNTIME140.dll
0x00007ffdc8350000 - 0x00007ffdc8369000 	C:\Program Files\Android\Android Studio\jre\bin\jli.dll
0x00007ffdd7f80000 - 0x00007ffdd8121000 	C:\WINDOWS\System32\USER32.dll
0x00007ffdd6d50000 - 0x00007ffdd6d72000 	C:\WINDOWS\System32\win32u.dll
0x00007ffdcb210000 - 0x00007ffdcb4aa000 	C:\WINDOWS\WinSxS\amd64_microsoft.windows.common-controls_6595b64144ccf1df_6.0.19041.1110_none_60b5254171f9507e\COMCTL32.dll
0x00007ffdd78b0000 - 0x00007ffdd78db000 	C:\WINDOWS\System32\GDI32.dll
0x00007ffdd8400000 - 0x00007ffdd849e000 	C:\WINDOWS\System32\msvcrt.dll
0x00007ffdd65b0000 - 0x00007ffdd66bb000 	C:\WINDOWS\System32\gdi32full.dll
0x00007ffdd6cb0000 - 0x00007ffdd6d4d000 	C:\WINDOWS\System32\msvcp_win.dll
0x00007ffdd6fe0000 - 0x00007ffdd7010000 	C:\WINDOWS\System32\IMM32.DLL
0x00007ffdb9c70000 - 0x00007ffdb9d0d000 	C:\Program Files\Android\Android Studio\jre\bin\msvcp140.dll
0x00007ffda5990000 - 0x00007ffda645f000 	C:\Program Files\Android\Android Studio\jre\bin\server\jvm.dll
0x00007ffdd7800000 - 0x00007ffdd78ac000 	C:\WINDOWS\System32\ADVAPI32.dll
0x00007ffdd7910000 - 0x00007ffdd79ab000 	C:\WINDOWS\System32\sechost.dll
0x00007ffdd7af0000 - 0x00007ffdd7c1a000 	C:\WINDOWS\System32\RPCRT4.dll
0x00007ffdd78e0000 - 0x00007ffdd78e8000 	C:\WINDOWS\System32\PSAPI.DLL
0x00007ffdc6ac0000 - 0x00007ffdc6ae7000 	C:\WINDOWS\SYSTEM32\WINMM.dll
0x00007ffdcc1c0000 - 0x00007ffdcc1ca000 	C:\WINDOWS\SYSTEM32\VERSION.dll
0x00007ffdd26b0000 - 0x00007ffdd26b9000 	C:\WINDOWS\SYSTEM32\WSOCK32.dll
0x00007ffdd7ce0000 - 0x00007ffdd7d4b000 	C:\WINDOWS\System32\WS2_32.dll
0x00007ffdd4fd0000 - 0x00007ffdd4fe2000 	C:\WINDOWS\SYSTEM32\kernel.appcore.dll
0x00007ffdcdef0000 - 0x00007ffdcdf01000 	C:\Program Files\Android\Android Studio\jre\bin\verify.dll
0x00007ffdd4c20000 - 0x00007ffdd4e04000 	C:\WINDOWS\SYSTEM32\DBGHELP.DLL
0x00007ffdce4b0000 - 0x00007ffdce4dc000 	C:\WINDOWS\SYSTEM32\dbgcore.DLL
0x00007ffdd6a20000 - 0x00007ffdd6aa3000 	C:\WINDOWS\System32\bcryptPrimitives.dll
0x00007ffdccb50000 - 0x00007ffdccb79000 	C:\Program Files\Android\Android Studio\jre\bin\java.dll
0x00007ffdd2d70000 - 0x00007ffdd2d7b000 	C:\Program Files\Android\Android Studio\jre\bin\jimage.dll
0x00007ffdcded0000 - 0x00007ffdcdee8000 	C:\Program Files\Android\Android Studio\jre\bin\zip.dll
0x00007ffdd70c0000 - 0x00007ffdd77ff000 	C:\WINDOWS\System32\SHELL32.dll
0x00007ffdd4350000 - 0x00007ffdd4ae0000 	C:\WINDOWS\SYSTEM32\windows.storage.dll
0x00007ffdd8670000 - 0x00007ffdd89c5000 	C:\WINDOWS\System32\combase.dll
0x00007ffdd5f30000 - 0x00007ffdd5f5e000 	C:\WINDOWS\SYSTEM32\Wldp.dll
0x00007ffdd85c0000 - 0x00007ffdd866d000 	C:\WINDOWS\System32\SHCORE.dll
0x00007ffdd84a0000 - 0x00007ffdd84f5000 	C:\WINDOWS\System32\shlwapi.dll
0x00007ffdd64f0000 - 0x00007ffdd650f000 	C:\WINDOWS\SYSTEM32\profapi.dll
0x00007ffdcc690000 - 0x00007ffdcc6aa000 	C:\Program Files\Android\Android Studio\jre\bin\net.dll
0x00007ffdd1500000 - 0x00007ffdd160c000 	C:\WINDOWS\SYSTEM32\WINHTTP.dll
0x00007ffdd5c90000 - 0x00007ffdd5cfa000 	C:\WINDOWS\system32\mswsock.dll
0x00007ffdcc560000 - 0x00007ffdcc574000 	C:\Program Files\Android\Android Studio\jre\bin\nio.dll
0x00007ffdbd110000 - 0x00007ffdbd137000 	C:\Users\MarcelO\.gradle\native\8bec1ad78214c89d9ad589b4d07fe93259594b29d510b10fafb7a158f7737e5d\windows-amd64\native-platform.dll
0x00007ffdb7150000 - 0x00007ffdb728d000 	C:\Users\MarcelO\.gradle\native\53dbd7edfb1c66fb8903c78663c9afc45aea4f116125fa6feffd364cf09443e8\windows-amd64\native-platform-file-events.dll
0x00007ffdd20d0000 - 0x00007ffdd20da000 	C:\Program Files\Android\Android Studio\jre\bin\management.dll
0x00007ffdd1850000 - 0x00007ffdd185c000 	C:\Program Files\Android\Android Studio\jre\bin\management_ext.dll
0x00007ffdd5e80000 - 0x00007ffdd5e98000 	C:\WINDOWS\SYSTEM32\CRYPTSP.dll
0x00007ffdd5610000 - 0x00007ffdd5644000 	C:\WINDOWS\system32\rsaenh.dll
0x00007ffdd66c0000 - 0x00007ffdd66e7000 	C:\WINDOWS\System32\bcrypt.dll
0x00007ffdd6470000 - 0x00007ffdd649e000 	C:\WINDOWS\SYSTEM32\USERENV.dll
0x00007ffdd5ea0000 - 0x00007ffdd5eac000 	C:\WINDOWS\SYSTEM32\CRYPTBASE.dll
0x00007ffdd5980000 - 0x00007ffdd59bb000 	C:\WINDOWS\SYSTEM32\IPHLPAPI.DLL
0x00007ffdd6f40000 - 0x00007ffdd6f48000 	C:\WINDOWS\System32\NSI.dll
0x00007ffdd0300000 - 0x00007ffdd0317000 	C:\WINDOWS\SYSTEM32\dhcpcsvc6.DLL
0x00007ffdd0a20000 - 0x00007ffdd0a3d000 	C:\WINDOWS\SYSTEM32\dhcpcsvc.DLL
0x00007ffdd59c0000 - 0x00007ffdd5a8b000 	C:\WINDOWS\SYSTEM32\DNSAPI.dll

dbghelp: loaded successfully - version: 4.0.5 - missing functions: none
symbol engine: initialized successfully - sym options: 0x614 - pdb path: .;C:\Program Files\Android\Android Studio\jre\bin;C:\WINDOWS\SYSTEM32;C:\WINDOWS\WinSxS\amd64_microsoft.windows.common-controls_6595b64144ccf1df_6.0.19041.1110_none_60b5254171f9507e;C:\Program Files\Android\Android Studio\jre\bin\server;C:\Users\MarcelO\.gradle\native\8bec1ad78214c89d9ad589b4d07fe93259594b29d510b10fafb7a158f7737e5d\windows-amd64;C:\Users\MarcelO\.gradle\native\53dbd7edfb1c66fb8903c78663c9afc45aea4f116125fa6feffd364cf09443e8\windows-amd64

VM Arguments:
jvm_args: --add-opens=java.base/java.util=ALL-UNNAMED --add-opens=java.base/java.lang=ALL-UNNAMED --add-opens=java.base/java.lang.invoke=ALL-UNNAMED --add-opens=java.base/java.util=ALL-UNNAMED --add-opens=java.prefs/java.util.prefs=ALL-UNNAMED --add-opens=java.prefs/java.util.prefs=ALL-UNNAMED --add-opens=java.base/java.nio.charset=ALL-UNNAMED --add-opens=java.base/java.net=ALL-UNNAMED --add-opens=java.base/java.util.concurrent.atomic=ALL-UNNAMED -Xmx2048m -Dfile.encoding=UTF-8 -Duser.country=BR -Duser.language=pt -Duser.variant 
java_command: org.gradle.launcher.daemon.bootstrap.GradleDaemon 7.0.2
java_class_path (initial): C:\Users\MarcelO\.gradle\wrapper\dists\gradle-7.0.2-bin\857tjihv64xamwrf0h14cai3r\gradle-7.0.2\lib\gradle-launcher-7.0.2.jar
Launcher Type: SUN_STANDARD

[Global flags]
     intx CICompilerCount                          = 3                                         {product} {ergonomic}
     uint ConcGCThreads                            = 1                                         {product} {ergonomic}
     uint G1ConcRefinementThreads                  = 4                                         {product} {ergonomic}
   size_t G1HeapRegionSize                         = 1048576                                   {product} {ergonomic}
    uintx GCDrainStackTargetSize                   = 64                                        {product} {ergonomic}
   size_t InitialHeapSize                          = 201326592                                 {product} {ergonomic}
   size_t MarkStackSize                            = 4194304                                   {product} {ergonomic}
   size_t MaxHeapSize                              = 2147483648                                {product} {command line}
   size_t MaxNewSize                               = 1287651328                                {product} {ergonomic}
   size_t MinHeapDeltaBytes                        = 1048576                                   {product} {ergonomic}
    uintx NonNMethodCodeHeapSize                   = 5830732                                {pd product} {ergonomic}
    uintx NonProfiledCodeHeapSize                  = 122913754                              {pd product} {ergonomic}
    uintx ProfiledCodeHeapSize                     = 122913754                              {pd product} {ergonomic}
    uintx ReservedCodeCacheSize                    = 251658240                              {pd product} {ergonomic}
     bool SegmentedCodeCache                       = true                                      {product} {ergonomic}
     bool UseCompressedClassPointers               = true                                 {lp64_product} {ergonomic}
     bool UseCompressedOops                        = true                                 {lp64_product} {ergonomic}
     bool UseG1GC                                  = true                                      {product} {ergonomic}
     bool UseLargePagesIndividualAllocation        = false                                  {pd product} {ergonomic}

Logging:
Log output configuration:
 #0: stdout all=warning uptime,level,tags
 #1: stderr all=off uptime,level,tags

Environment Variables:
PATH=C:\Program Files\Common Files\Oracle\Java\javapath;C:\Program Files (x86)\AdoptOpenJDK\jdk-8.0.252.09-hotspot\bin;C:\ProgramData\Oracle\Java\javapath;C:\Program Files (x86)\Common Files\Intel\Shared Libraries\redist\intel64\compiler;C:\Inprise\vbroker\bin;C:\Program Files (x86)\Borland\Delphi7\Bin;C:\Program Files (x86)\Borland\Delphi7\Projects\Bpl\;C:\Python39\Scripts\;C:\Python39\;C:\WINDOWS\system32;C:\WINDOWS;C:\WINDOWS\System32\Wbem;C:\WINDOWS\System32\WindowsPowerShell\v1.0\;C:\WINDOWS\System32\OpenSSH\;C:\Program Files\nodejs\;C:\ProgramData\chocolatey\bin;C:\xampp\php;C:\Program Files\Git\cmd;C:\Program Files\Docker\Docker\resources\bin;C:\ProgramData\DockerDesktop\version-bin;C:\Program Files\PostgreSQL\14\bin;C:\Program Files\Java\jdk-16.0.1\bin;C:\Program Files\Java\jre1.8.0_51\bin;C:\Users\MarcelO\AppData\Local\Microsoft\WindowsApps;;C:\Users\MarcelO\AppData\Local\Programs\Microsoft VS Code\bin;C:\Users\MarcelO\AppData\Roaming\npm
USERNAME=MarcelO
OS=Windows_NT
PROCESSOR_IDENTIFIER=Intel64 Family 6 Model 78 Stepping 3, GenuineIntel



---------------  S Y S T E M  ---------------

OS: Windows 10 , 64 bit Build 19041 (10.0.19041.1348)
OS uptime: 1 days 12:15 hours

CPU:total 4 (initial active 4) (2 cores per cpu, 2 threads per core) family 6 model 78 stepping 3 microcode 0xcc, cmov, cx8, fxsr, mmx, sse, sse2, sse3, ssse3, sse4.1, sse4.2, popcnt, avx, avx2, aes, clmul, erms, 3dnowpref, lzcnt, ht, tsc, tscinvbit, bmi1, bmi2, adx, fma

Memory: 4k page, system-wide physical 12162M (1551M free)
TotalPageFile size 12162M (AvailPageFile size 21M)
current process WorkingSet (physical memory assigned to process): 309M, peak: 312M
current process commit charge ("private bytes"): 383M, peak: 424M

vm_info: OpenJDK 64-Bit Server VM (11.0.10+0-b96-7249189) for windows-amd64 JRE (11.0.10+0-b96-7249189), built on Mar 31 2021 21:44:00 by "builder" with MS VC++ 14.0 (VS2015)

END.
