#
# There is insufficient memory for the Java Runtime Environment to continue.
# Native memory allocation (malloc) failed to allocate 1734416 bytes for Chunk::new
# Possible reasons:
#   The system is out of physical RAM or swap space
#   The process is running with CompressedOops enabled, and the Java Heap may be blocking the growth of the native heap
# Possible solutions:
#   Reduce memory load on the system
#   Increase physical memory or swap space
#   Check if swap backing store is full
#   Decrease Java heap size (-Xmx/-Xms)
#   Decrease number of Java threads
#   Decrease Java thread stack sizes (-Xss)
#   Set larger code cache with -XX:ReservedCodeCacheSize=
#   JVM is running with Unscaled Compressed Oops mode in which the Java heap is
#     placed in the first 4GB address space. The Java Heap base address is the
#     maximum limit for the native heap growth. Please use -XX:HeapBaseMinAddress
#     to set the Java Heap base and to place the Java Heap above 4GB virtual address.
# This output file may be truncated or incomplete.
#
#  Out of Memory Error (./src/hotspot/share/memory/arena.cpp:197), pid=8416, tid=10884
#
# JRE version: OpenJDK Runtime Environment (11.0.10) (build 11.0.10+0-b96-7249189)
# Java VM: OpenJDK 64-Bit Server VM (11.0.10+0-b96-7249189, mixed mode, tiered, compressed oops, g1 gc, windows-amd64)
# No core dump will be written. Minidumps are not enabled by default on client versions of Windows
#

---------------  S U M M A R Y ------------

Command Line: --add-opens=java.base/java.util=ALL-UNNAMED --add-opens=java.base/java.lang=ALL-UNNAMED --add-opens=java.base/java.lang.invoke=ALL-UNNAMED --add-opens=java.base/java.util=ALL-UNNAMED --add-opens=java.prefs/java.util.prefs=ALL-UNNAMED --add-opens=java.prefs/java.util.prefs=ALL-UNNAMED --add-opens=java.base/java.nio.charset=ALL-UNNAMED --add-opens=java.base/java.net=ALL-UNNAMED --add-opens=java.base/java.util.concurrent.atomic=ALL-UNNAMED -Xmx2048m -Dfile.encoding=UTF-8 -Duser.country=BR -Duser.language=pt -Duser.variant org.gradle.launcher.daemon.bootstrap.GradleDaemon 7.0.2

Host: Intel(R) Core(TM) i3-6006U CPU @ 2.00GHz, 4 cores, 11G,  Windows 10 , 64 bit Build 19041 (10.0.19041.1348)
Time: Mon Nov 15 08:30:28 2021 Hora oficial do Brasil elapsed time: 3513.132313 seconds (0d 0h 58m 33s)

---------------  T H R E A D  ---------------

Current thread (0x000001f342328000):  JavaThread "C2 CompilerThread0" daemon [_thread_in_native, id=10884, stack(0x0000009015f00000,0x0000009016000000)]


Current CompileTask:
C2:3513132 23620       4       java.lang.Class::getMethodsRecursive (99 bytes)

Stack: [0x0000009015f00000,0x0000009016000000]
Native frames: (J=compiled Java code, j=interpreted, Vv=VM code, C=native code)
V  [jvm.dll+0x5ecfaa]
V  [jvm.dll+0x722bd5]
V  [jvm.dll+0x72412d]
V  [jvm.dll+0x7247e3]
V  [jvm.dll+0x242928]
V  [jvm.dll+0xbc4fc]
V  [jvm.dll+0xbca0c]
V  [jvm.dll+0x352d7d]
V  [jvm.dll+0x320ad3]
V  [jvm.dll+0x31ffca]
V  [jvm.dll+0x1fb602]
V  [jvm.dll+0x1fa7f4]
V  [jvm.dll+0x18354c]
V  [jvm.dll+0x208ee7]
V  [jvm.dll+0x207731]
V  [jvm.dll+0x6eb1cf]
V  [jvm.dll+0x6e3d45]
V  [jvm.dll+0x5ebe96]
C  [ucrtbase.dll+0x21bb2]
C  [KERNEL32.DLL+0x17034]
C  [ntdll.dll+0x52651]


---------------  P R O C E S S  ---------------

Threads class SMR info:
_java_thread_list=0x000001f34f90bc30, length=45, elements={
0x000001f3267bc800, 0x000001f342b31800, 0x000001f342b40000, 0x000001f342321000,
0x000001f342323000, 0x000001f342325000, 0x000001f342328000, 0x000001f342bdd800,
0x000001f342be7800, 0x000001f342cd0800, 0x000001f3447a8800, 0x000001f343c1b000,
0x000001f345bd7000, 0x000001f34609c800, 0x000001f3460a0800, 0x000001f3460a2000,
0x000001f3460a1000, 0x000001f3460a3000, 0x000001f3462a5800, 0x000001f3462a9000,
0x000001f3462a6800, 0x000001f3462a3000, 0x000001f3462a4000, 0x000001f3462ad000,
0x000001f3462ae000, 0x000001f349e07800, 0x000001f344e5b000, 0x000001f344e58800,
0x000001f344e5a800, 0x000001f344e59800, 0x000001f344e5c000, 0x000001f344e56800,
0x000001f344e5d000, 0x000001f344e57000, 0x000001f344e58000, 0x000001f349dfb000,
0x000001f349e00000, 0x000001f349dfd000, 0x000001f349dfd800, 0x000001f349dfe800,
0x000001f34f84a800, 0x000001f349dfc000, 0x000001f349e03800, 0x000001f349e01000,
0x000001f349e04000
}

Java Threads: ( => current thread )
  0x000001f3267bc800 JavaThread "main" [_thread_blocked, id=13056, stack(0x0000009015300000,0x0000009015400000)]
  0x000001f342b31800 JavaThread "Reference Handler" daemon [_thread_blocked, id=13340, stack(0x0000009015a00000,0x0000009015b00000)]
  0x000001f342b40000 JavaThread "Finalizer" daemon [_thread_blocked, id=2252, stack(0x0000009015b00000,0x0000009015c00000)]
  0x000001f342321000 JavaThread "Signal Dispatcher" daemon [_thread_blocked, id=13180, stack(0x0000009015c00000,0x0000009015d00000)]
  0x000001f342323000 JavaThread "Attach Listener" daemon [_thread_blocked, id=3752, stack(0x0000009015d00000,0x0000009015e00000)]
  0x000001f342325000 JavaThread "Service Thread" daemon [_thread_blocked, id=13064, stack(0x0000009015e00000,0x0000009015f00000)]
=>0x000001f342328000 JavaThread "C2 CompilerThread0" daemon [_thread_in_native, id=10884, stack(0x0000009015f00000,0x0000009016000000)]
  0x000001f342bdd800 JavaThread "C1 CompilerThread0" daemon [_thread_blocked, id=8368, stack(0x0000009016000000,0x0000009016100000)]
  0x000001f342be7800 JavaThread "Sweeper thread" daemon [_thread_blocked, id=9172, stack(0x0000009016100000,0x0000009016200000)]
  0x000001f342cd0800 JavaThread "Common-Cleaner" daemon [_thread_blocked, id=12688, stack(0x0000009016200000,0x0000009016300000)]
  0x000001f3447a8800 JavaThread "Daemon health stats" [_thread_blocked, id=12920, stack(0x0000009016800000,0x0000009016900000)]
  0x000001f343c1b000 JavaThread "Incoming local TCP Connector on port 54830" [_thread_in_native, id=13972, stack(0x0000009016400000,0x0000009016500000)]
  0x000001f345bd7000 JavaThread "Daemon periodic checks" [_thread_blocked, id=1604, stack(0x0000009016900000,0x0000009016a00000)]
  0x000001f34609c800 JavaThread "Cache worker for file hash cache (C:\Users\MarcelO\.gradle\caches\7.0.2\fileHashes)" [_thread_blocked, id=13384, stack(0x0000009017100000,0x0000009017200000)]
  0x000001f3460a0800 JavaThread "File lock request listener" [_thread_in_native, id=11340, stack(0x0000009017200000,0x0000009017300000)]
  0x000001f3460a2000 JavaThread "Cache worker for journal cache (C:\Users\MarcelO\.gradle\caches\journal-1)" [_thread_blocked, id=12060, stack(0x0000009017300000,0x0000009017400000)]
  0x000001f3460a1000 JavaThread "File watcher server" daemon [_thread_in_native, id=13216, stack(0x0000009017600000,0x0000009017700000)]
  0x000001f3460a3000 JavaThread "File watcher consumer" daemon [_thread_blocked, id=7020, stack(0x0000009017700000,0x0000009017800000)]
  0x000001f3462a5800 JavaThread "Cache worker for execution history cache (C:\Users\MarcelO\.gradle\caches\7.0.2\executionHistory)" [_thread_blocked, id=12244, stack(0x0000009017b00000,0x0000009017c00000)]
  0x000001f3462a9000 JavaThread "jar transforms" [_thread_blocked, id=9400, stack(0x0000009017c00000,0x0000009017d00000)]
  0x000001f3462a6800 JavaThread "jar transforms Thread 2" [_thread_blocked, id=12596, stack(0x0000009017d00000,0x0000009017e00000)]
  0x000001f3462a3000 JavaThread "Cache worker for file content cache (C:\Users\MarcelO\.gradle\caches\7.0.2\fileContent)" [_thread_blocked, id=7980, stack(0x0000009017e00000,0x0000009017f00000)]
  0x000001f3462a4000 JavaThread "jar transforms Thread 3" [_thread_blocked, id=8820, stack(0x0000009018000000,0x0000009018100000)]
  0x000001f3462ad000 JavaThread "jar transforms Thread 4" [_thread_blocked, id=5444, stack(0x0000009018600000,0x0000009018700000)]
  0x000001f3462ae000 JavaThread "Memory manager" [_thread_blocked, id=8736, stack(0x0000009018700000,0x0000009018800000)]
  0x000001f349e07800 JavaThread "Cache worker for Java compile cache (C:\Users\MarcelO\.gradle\caches\7.0.2\javaCompile)" [_thread_blocked, id=10836, stack(0x0000009019400000,0x0000009019500000)]
  0x000001f344e5b000 JavaThread "ForkJoinPool.commonPool-worker-1" daemon [_thread_blocked, id=6940, stack(0x0000009019300000,0x0000009019400000)]
  0x000001f344e58800 JavaThread "Daemon Thread 8" [_thread_blocked, id=4480, stack(0x0000009015100000,0x0000009015200000)]
  0x000001f344e5a800 JavaThread "Handler for socket connection from /127.0.0.1:54830 to /127.0.0.1:56112" [_thread_in_native, id=5180, stack(0x0000009015200000,0x0000009015300000)]
  0x000001f344e59800 JavaThread "Cancel handler" [_thread_blocked, id=8776, stack(0x0000009016a00000,0x0000009016b00000)]
  0x000001f344e5c000 JavaThread "Daemon worker Thread 8" [_thread_in_native, id=9700, stack(0x0000009016b00000,0x0000009016c00000)]
  0x000001f344e56800 JavaThread "Asynchronous log dispatcher for DefaultDaemonConnection: socket connection from /127.0.0.1:54830 to /127.0.0.1:56112" [_thread_blocked, id=13908, stack(0x0000009016c00000,0x0000009016d00000)]
  0x000001f344e5d000 JavaThread "Stdin handler" [_thread_blocked, id=14068, stack(0x0000009016d00000,0x0000009016e00000)]
  0x000001f344e57000 JavaThread "Daemon client event forwarder" [_thread_blocked, id=13484, stack(0x0000009016e00000,0x0000009016f00000)]
  0x000001f344e58000 JavaThread "Cache worker for file hash cache (C:\IFome\.gradle\7.0.2\fileHashes)" [_thread_blocked, id=8648, stack(0x0000009016f00000,0x0000009017000000)]
  0x000001f349dfb000 JavaThread "Cache worker for checksums cache (C:\IFome\.gradle\checksums)" [_thread_blocked, id=13780, stack(0x0000009017000000,0x0000009017100000)]
  0x000001f349e00000 JavaThread "Cache worker for cache directory md-supplier (C:\Users\MarcelO\.gradle\caches\7.0.2\md-supplier)" [_thread_blocked, id=7516, stack(0x0000009017400000,0x0000009017500000)]
  0x000001f349dfd000 JavaThread "Cache worker for cache directory md-rule (C:\Users\MarcelO\.gradle\caches\7.0.2\md-rule)" [_thread_blocked, id=396, stack(0x0000009017500000,0x0000009017600000)]
  0x000001f349dfd800 JavaThread "Cache worker for dependencies-accessors (C:\IFome\.gradle\7.0.2\dependencies-accessors)" [_thread_blocked, id=10052, stack(0x0000009017900000,0x0000009017a00000)]
  0x000001f349dfe800 JavaThread "Cache worker for Build Output Cleanup Cache (C:\IFome\.gradle\buildOutputCleanup)" [_thread_blocked, id=13520, stack(0x0000009017a00000,0x0000009017b00000)]
  0x000001f34f84a800 JavaThread "C2 CompilerThread1" daemon [_thread_in_native, id=11228, stack(0x0000009017800000,0x0000009017900000)]
  0x000001f349dfc000 JavaThread "Build operations" [_thread_blocked, id=9676, stack(0x0000009017f00000,0x0000009018000000)]
  0x000001f349e03800 JavaThread "Build operations Thread 2" [_thread_blocked, id=11084, stack(0x0000009018100000,0x0000009018200000)]
  0x000001f349e01000 JavaThread "Build operations Thread 3" [_thread_blocked, id=6880, stack(0x0000009018200000,0x0000009018300000)]
  0x000001f349e04000 JavaThread "Build operations Thread 4" [_thread_blocked, id=9252, stack(0x0000009018300000,0x0000009018400000)]

Other Threads:
  0x000001f3422d5800 VMThread "VM Thread" [stack: 0x0000009015900000,0x0000009015a00000] [id=11648]
  0x000001f342cde000 WatcherThread [stack: 0x0000009016300000,0x0000009016400000] [id=1656]
  0x000001f3267d4800 GCTaskThread "GC Thread#0" [stack: 0x0000009015400000,0x0000009015500000] [id=11672]
  0x000001f343478000 GCTaskThread "GC Thread#1" [stack: 0x0000009016500000,0x0000009016600000] [id=3532]
  0x000001f34310c000 GCTaskThread "GC Thread#2" [stack: 0x0000009016600000,0x0000009016700000] [id=5748]
  0x000001f34306d000 GCTaskThread "GC Thread#3" [stack: 0x0000009016700000,0x0000009016800000] [id=5140]
  0x000001f326806000 ConcurrentGCThread "G1 Main Marker" [stack: 0x0000009015500000,0x0000009015600000] [id=13560]
  0x000001f326807800 ConcurrentGCThread "G1 Conc#0" [stack: 0x0000009015600000,0x0000009015700000] [id=2112]
  0x000001f34215e800 ConcurrentGCThread "G1 Refine#0" [stack: 0x0000009015700000,0x0000009015800000] [id=3268]
  0x000001f346202800 ConcurrentGCThread "G1 Refine#1" [stack: 0x0000009018b00000,0x0000009018c00000] [id=12372]
  0x000001f32689e800 ConcurrentGCThread "G1 Young RemSet Sampling" [stack: 0x0000009015800000,0x0000009015900000] [id=10148]

Threads with active compile tasks:
C2 CompilerThread03513317 23620       4       java.lang.Class::getMethodsRecursive (99 bytes)
C2 CompilerThread13513317 23573   !   4       org.gradle.api.internal.artifacts.ivyservice.ivyresolve.ErrorHandlingModuleComponentRepository$ErrorHandlingModuleComponentRepositoryAccess::tryResolveAndMaybeBlacklist (221 bytes)

VM state:not at safepoint (normal execution)

VM Mutex/Monitor currently owned by a thread: None

Heap address: 0x0000000080000000, size: 2048 MB, Compressed Oops mode: 32-bit
Narrow klass base: 0x0000000000000000, Narrow klass shift: 3
Compressed class space size: 1073741824 Address: 0x0000000100000000

Heap:
 garbage-first heap   total 236544K, used 154037K [0x0000000080000000, 0x0000000100000000)
  region size 1024K, 54 young (55296K), 7 survivors (7168K)
 Metaspace       used 124745K, capacity 128436K, committed 129656K, reserved 1161216K
  class space    used 15696K, capacity 17036K, committed 17280K, reserved 1048576K
Heap Regions: E=young(eden), S=young(survivor), O=old, HS=humongous(starts), HC=humongous(continues), CS=collection set, F=free, A=archive, TAMS=top-at-mark-start (previous, next)
|   0|0x0000000080000000, 0x0000000080100000, 0x0000000080100000|100%| O|  |TAMS 0x0000000080100000, 0x0000000080000000| Untracked 
|   1|0x0000000080100000, 0x0000000080200000, 0x0000000080200000|100%| O|  |TAMS 0x0000000080200000, 0x0000000080100000| Complete 
|   2|0x0000000080200000, 0x0000000080300000, 0x0000000080300000|100%| O|  |TAMS 0x0000000080300000, 0x0000000080200000| Untracked 
|   3|0x0000000080300000, 0x0000000080400000, 0x0000000080400000|100%|HS|  |TAMS 0x0000000080400000, 0x0000000080300000| Complete 
|   4|0x0000000080400000, 0x0000000080500000, 0x0000000080500000|100%|HC|  |TAMS 0x0000000080500000, 0x0000000080400000| Complete 
|   5|0x0000000080500000, 0x0000000080600000, 0x0000000080600000|100%|HC|  |TAMS 0x0000000080600000, 0x0000000080500000| Complete 
|   6|0x0000000080600000, 0x0000000080700000, 0x0000000080700000|100%| O|  |TAMS 0x0000000080700000, 0x0000000080600000| Untracked 
|   7|0x0000000080700000, 0x0000000080800000, 0x0000000080800000|100%| O|  |TAMS 0x0000000080800000, 0x0000000080700000| Untracked 
|   8|0x0000000080800000, 0x0000000080900000, 0x0000000080900000|100%| O|  |TAMS 0x0000000080900000, 0x0000000080800000| Untracked 
|   9|0x0000000080900000, 0x0000000080a00000, 0x0000000080a00000|100%| O|  |TAMS 0x0000000080a00000, 0x0000000080900000| Untracked 
|  10|0x0000000080a00000, 0x0000000080b00000, 0x0000000080b00000|100%| O|  |TAMS 0x0000000080b00000, 0x0000000080a00000| Untracked 
|  11|0x0000000080b00000, 0x0000000080c00000, 0x0000000080c00000|100%| O|  |TAMS 0x0000000080c00000, 0x0000000080b00000| Complete 
|  12|0x0000000080c00000, 0x0000000080d00000, 0x0000000080d00000|100%| O|  |TAMS 0x0000000080d00000, 0x0000000080c00000| Untracked 
|  13|0x0000000080d00000, 0x0000000080e00000, 0x0000000080e00000|100%| O|  |TAMS 0x0000000080e00000, 0x0000000080d00000| Untracked 
|  14|0x0000000080e00000, 0x0000000080f00000, 0x0000000080f00000|100%| O|  |TAMS 0x0000000080f00000, 0x0000000080e00000| Complete 
|  15|0x0000000080f00000, 0x0000000081000000, 0x0000000081000000|100%| O|  |TAMS 0x0000000081000000, 0x0000000080f00000| Complete 
|  16|0x0000000081000000, 0x0000000081100000, 0x0000000081100000|100%| O|  |TAMS 0x0000000081100000, 0x0000000081000000| Complete 
|  17|0x0000000081100000, 0x0000000081200000, 0x0000000081200000|100%|HS|  |TAMS 0x0000000081200000, 0x0000000081100000| Complete 
|  18|0x0000000081200000, 0x0000000081300000, 0x0000000081300000|100%|HS|  |TAMS 0x0000000081300000, 0x0000000081200000| Complete 
|  19|0x0000000081300000, 0x0000000081400000, 0x0000000081400000|100%|HS|  |TAMS 0x0000000081400000, 0x0000000081300000| Complete 
|  20|0x0000000081400000, 0x0000000081500000, 0x0000000081500000|100%|HC|  |TAMS 0x0000000081500000, 0x0000000081400000| Complete 
|  21|0x0000000081500000, 0x0000000081600000, 0x0000000081600000|100%| O|  |TAMS 0x0000000081600000, 0x0000000081500000| Complete 
|  22|0x0000000081600000, 0x0000000081700000, 0x0000000081700000|100%| O|  |TAMS 0x0000000081700000, 0x0000000081600000| Complete 
|  23|0x0000000081700000, 0x0000000081800000, 0x0000000081800000|100%| O|  |TAMS 0x0000000081800000, 0x0000000081700000| Complete 
|  24|0x0000000081800000, 0x0000000081900000, 0x0000000081900000|100%| O|  |TAMS 0x0000000081900000, 0x0000000081800000| Complete 
|  25|0x0000000081900000, 0x0000000081a00000, 0x0000000081a00000|100%| O|  |TAMS 0x0000000081a00000, 0x0000000081900000| Complete 
|  26|0x0000000081a00000, 0x0000000081b00000, 0x0000000081b00000|100%| O|  |TAMS 0x0000000081b00000, 0x0000000081a00000| Untracked 
|  27|0x0000000081b00000, 0x0000000081c00000, 0x0000000081c00000|100%| O|  |TAMS 0x0000000081c00000, 0x0000000081b00000| Untracked 
|  28|0x0000000081c00000, 0x0000000081d00000, 0x0000000081d00000|100%| O|  |TAMS 0x0000000081d00000, 0x0000000081c00000| Untracked 
|  29|0x0000000081d00000, 0x0000000081e00000, 0x0000000081e00000|100%| O|  |TAMS 0x0000000081e00000, 0x0000000081d00000| Untracked 
|  30|0x0000000081e00000, 0x0000000081f00000, 0x0000000081f00000|100%| O|  |TAMS 0x0000000081f00000, 0x0000000081e00000| Untracked 
|  31|0x0000000081f00000, 0x0000000082000000, 0x0000000082000000|100%| O|  |TAMS 0x0000000082000000, 0x0000000081f00000| Complete 
|  32|0x0000000082000000, 0x0000000082100000, 0x0000000082100000|100%| O|  |TAMS 0x0000000082100000, 0x0000000082000000| Untracked 
|  33|0x0000000082100000, 0x0000000082200000, 0x0000000082200000|100%| O|  |TAMS 0x0000000082200000, 0x0000000082100000| Complete 
|  34|0x0000000082200000, 0x0000000082300000, 0x0000000082300000|100%| O|  |TAMS 0x0000000082300000, 0x0000000082200000| Complete 
|  35|0x0000000082300000, 0x0000000082400000, 0x0000000082400000|100%| O|  |TAMS 0x0000000082400000, 0x0000000082300000| Complete 
|  36|0x0000000082400000, 0x0000000082500000, 0x0000000082500000|100%| O|  |TAMS 0x0000000082500000, 0x0000000082400000| Untracked 
|  37|0x0000000082500000, 0x0000000082600000, 0x0000000082600000|100%| O|  |TAMS 0x0000000082600000, 0x0000000082500000| Complete 
|  38|0x0000000082600000, 0x0000000082700000, 0x0000000082700000|100%| O|  |TAMS 0x0000000082700000, 0x0000000082600000| Complete 
|  39|0x0000000082700000, 0x0000000082800000, 0x0000000082800000|100%| O|  |TAMS 0x0000000082800000, 0x0000000082700000| Complete 
|  40|0x0000000082800000, 0x0000000082900000, 0x0000000082900000|100%| O|  |TAMS 0x0000000082900000, 0x0000000082800000| Complete 
|  41|0x0000000082900000, 0x0000000082a00000, 0x0000000082a00000|100%| O|  |TAMS 0x0000000082a00000, 0x0000000082900000| Untracked 
|  42|0x0000000082a00000, 0x0000000082b00000, 0x0000000082b00000|100%| O|  |TAMS 0x0000000082b00000, 0x0000000082a00000| Complete 
|  43|0x0000000082b00000, 0x0000000082b00000, 0x0000000082c00000|  0%| F|  |TAMS 0x0000000082b00000, 0x0000000082b00000| Untracked 
|  44|0x0000000082c00000, 0x0000000082d00000, 0x0000000082d00000|100%| O|  |TAMS 0x0000000082d00000, 0x0000000082c00000| Complete 
|  45|0x0000000082d00000, 0x0000000082d00000, 0x0000000082e00000|  0%| F|  |TAMS 0x0000000082d00000, 0x0000000082d00000| Untracked 
|  46|0x0000000082e00000, 0x0000000082f00000, 0x0000000082f00000|100%| O|  |TAMS 0x0000000082f00000, 0x0000000082e00000| Complete 
|  47|0x0000000082f00000, 0x0000000082f00000, 0x0000000083000000|  0%| F|  |TAMS 0x0000000082f00000, 0x0000000082f00000| Untracked 
|  48|0x0000000083000000, 0x0000000083000000, 0x0000000083100000|  0%| F|  |TAMS 0x0000000083000000, 0x0000000083000000| Untracked 
|  49|0x0000000083100000, 0x0000000083200000, 0x0000000083200000|100%| O|  |TAMS 0x0000000083200000, 0x0000000083100000| Complete 
|  50|0x0000000083200000, 0x0000000083300000, 0x0000000083300000|100%| O|  |TAMS 0x0000000083300000, 0x0000000083200000| Complete 
|  51|0x0000000083300000, 0x0000000083300000, 0x0000000083400000|  0%| F|  |TAMS 0x0000000083300000, 0x0000000083300000| Untracked 
|  52|0x0000000083400000, 0x0000000083400000, 0x0000000083500000|  0%| F|  |TAMS 0x0000000083400000, 0x0000000083400000| Untracked 
|  53|0x0000000083500000, 0x0000000083600000, 0x0000000083600000|100%| O|  |TAMS 0x0000000083600000, 0x0000000083500000| Complete 
|  54|0x0000000083600000, 0x0000000083600000, 0x0000000083700000|  0%| F|  |TAMS 0x0000000083600000, 0x0000000083600000| Untracked 
|  55|0x0000000083700000, 0x0000000083700000, 0x0000000083800000|  0%| F|  |TAMS 0x0000000083700000, 0x0000000083700000| Untracked 
|  56|0x0000000083800000, 0x0000000083900000, 0x0000000083900000|100%| O|  |TAMS 0x0000000083900000, 0x0000000083800000| Complete 
|  57|0x0000000083900000, 0x0000000083a00000, 0x0000000083a00000|100%| O|  |TAMS 0x0000000083a00000, 0x0000000083900000| Complete 
|  58|0x0000000083a00000, 0x0000000083b00000, 0x0000000083b00000|100%| O|  |TAMS 0x0000000083b00000, 0x0000000083a00000| Complete 
|  59|0x0000000083b00000, 0x0000000083c00000, 0x0000000083c00000|100%| O|  |TAMS 0x0000000083c00000, 0x0000000083b00000| Complete 
|  60|0x0000000083c00000, 0x0000000083d00000, 0x0000000083d00000|100%| O|  |TAMS 0x0000000083d00000, 0x0000000083c00000| Complete 
|  61|0x0000000083d00000, 0x0000000083e00000, 0x0000000083e00000|100%| O|  |TAMS 0x0000000083e00000, 0x0000000083d00000| Complete 
|  62|0x0000000083e00000, 0x0000000083e00000, 0x0000000083f00000|  0%| F|  |TAMS 0x0000000083e00000, 0x0000000083e00000| Untracked 
|  63|0x0000000083f00000, 0x0000000083f00000, 0x0000000084000000|  0%| F|  |TAMS 0x0000000083f00000, 0x0000000083f00000| Untracked 
|  64|0x0000000084000000, 0x0000000084100000, 0x0000000084100000|100%| O|  |TAMS 0x0000000084100000, 0x0000000084000000| Untracked 
|  65|0x0000000084100000, 0x0000000084200000, 0x0000000084200000|100%| O|  |TAMS 0x0000000084200000, 0x0000000084100000| Untracked 
|  66|0x0000000084200000, 0x0000000084200000, 0x0000000084300000|  0%| F|  |TAMS 0x0000000084200000, 0x0000000084200000| Untracked 
|  67|0x0000000084300000, 0x0000000084400000, 0x0000000084400000|100%| O|  |TAMS 0x0000000084400000, 0x0000000084300000| Untracked 
|  68|0x0000000084400000, 0x0000000084500000, 0x0000000084500000|100%| O|  |TAMS 0x0000000084500000, 0x0000000084400000| Complete 
|  69|0x0000000084500000, 0x0000000084500000, 0x0000000084600000|  0%| F|  |TAMS 0x0000000084500000, 0x0000000084500000| Untracked 
|  70|0x0000000084600000, 0x0000000084700000, 0x0000000084700000|100%| O|  |TAMS 0x0000000084700000, 0x0000000084600000| Complete 
|  71|0x0000000084700000, 0x0000000084800000, 0x0000000084800000|100%| O|  |TAMS 0x0000000084800000, 0x0000000084700000| Untracked 
|  72|0x0000000084800000, 0x0000000084900000, 0x0000000084900000|100%| O|  |TAMS 0x0000000084900000, 0x0000000084800000| Untracked 
|  73|0x0000000084900000, 0x0000000084a00000, 0x0000000084a00000|100%| O|  |TAMS 0x0000000084a00000, 0x0000000084900000| Complete 
|  74|0x0000000084a00000, 0x0000000084b00000, 0x0000000084b00000|100%| O|  |TAMS 0x0000000084b00000, 0x0000000084a00000| Complete 
|  75|0x0000000084b00000, 0x0000000084c00000, 0x0000000084c00000|100%| O|  |TAMS 0x0000000084c00000, 0x0000000084b00000| Complete 
|  76|0x0000000084c00000, 0x0000000084d00000, 0x0000000084d00000|100%|HS|  |TAMS 0x0000000084d00000, 0x0000000084c00000| Complete 
|  77|0x0000000084d00000, 0x0000000084e00000, 0x0000000084e00000|100%|HC|  |TAMS 0x0000000084e00000, 0x0000000084d00000| Complete 
|  78|0x0000000084e00000, 0x0000000084f00000, 0x0000000084f00000|100%|HC|  |TAMS 0x0000000084f00000, 0x0000000084e00000| Complete 
|  79|0x0000000084f00000, 0x0000000085000000, 0x0000000085000000|100%| O|  |TAMS 0x0000000085000000, 0x0000000084f00000| Untracked 
|  80|0x0000000085000000, 0x0000000085000000, 0x0000000085100000|  0%| F|  |TAMS 0x0000000085000000, 0x0000000085000000| Untracked 
|  81|0x0000000085100000, 0x0000000085100000, 0x0000000085200000|  0%| F|  |TAMS 0x0000000085100000, 0x0000000085100000| Untracked 
|  82|0x0000000085200000, 0x0000000085200000, 0x0000000085300000|  0%| F|  |TAMS 0x0000000085200000, 0x0000000085200000| Untracked 
|  83|0x0000000085300000, 0x0000000085300000, 0x0000000085400000|  0%| F|  |TAMS 0x0000000085300000, 0x0000000085300000| Untracked 
|  84|0x0000000085400000, 0x0000000085400000, 0x0000000085500000|  0%| F|  |TAMS 0x0000000085400000, 0x0000000085400000| Untracked 
|  85|0x0000000085500000, 0x0000000085500000, 0x0000000085600000|  0%| F|  |TAMS 0x0000000085500000, 0x0000000085500000| Untracked 
|  86|0x0000000085600000, 0x0000000085700000, 0x0000000085700000|100%| O|  |TAMS 0x0000000085700000, 0x0000000085600000| Untracked 
|  87|0x0000000085700000, 0x0000000085800000, 0x0000000085800000|100%| O|  |TAMS 0x0000000085800000, 0x0000000085700000| Untracked 
|  88|0x0000000085800000, 0x0000000085800000, 0x0000000085900000|  0%| F|  |TAMS 0x0000000085800000, 0x0000000085800000| Untracked 
|  89|0x0000000085900000, 0x0000000085900000, 0x0000000085a00000|  0%| F|  |TAMS 0x0000000085900000, 0x0000000085900000| Untracked 
|  90|0x0000000085a00000, 0x0000000085b00000, 0x0000000085b00000|100%| O|  |TAMS 0x0000000085b00000, 0x0000000085a00000| Complete 
|  91|0x0000000085b00000, 0x0000000085b00000, 0x0000000085c00000|  0%| F|  |TAMS 0x0000000085b00000, 0x0000000085b00000| Untracked 
|  92|0x0000000085c00000, 0x0000000085c00000, 0x0000000085d00000|  0%| F|  |TAMS 0x0000000085c00000, 0x0000000085c00000| Untracked 
|  93|0x0000000085d00000, 0x0000000085e00000, 0x0000000085e00000|100%| O|  |TAMS 0x0000000085e00000, 0x0000000085d00000| Untracked 
|  94|0x0000000085e00000, 0x0000000085e00000, 0x0000000085f00000|  0%| F|  |TAMS 0x0000000085e00000, 0x0000000085e00000| Untracked 
|  95|0x0000000085f00000, 0x0000000086000000, 0x0000000086000000|100%| O|  |TAMS 0x0000000086000000, 0x0000000085f00000| Complete 
|  96|0x0000000086000000, 0x0000000086100000, 0x0000000086100000|100%| O|  |TAMS 0x0000000086100000, 0x0000000086000000| Untracked 
|  97|0x0000000086100000, 0x0000000086100000, 0x0000000086200000|  0%| F|  |TAMS 0x0000000086100000, 0x0000000086100000| Untracked 
|  98|0x0000000086200000, 0x0000000086300000, 0x0000000086300000|100%| O|  |TAMS 0x0000000086300000, 0x0000000086200000| Complete 
|  99|0x0000000086300000, 0x0000000086400000, 0x0000000086400000|100%| O|  |TAMS 0x0000000086400000, 0x0000000086300000| Untracked 
| 100|0x0000000086400000, 0x0000000086500000, 0x0000000086500000|100%| O|  |TAMS 0x0000000086500000, 0x0000000086400000| Complete 
| 101|0x0000000086500000, 0x0000000086600000, 0x0000000086600000|100%| O|  |TAMS 0x0000000086600000, 0x0000000086500000| Untracked 
| 102|0x0000000086600000, 0x0000000086700000, 0x0000000086700000|100%| O|  |TAMS 0x0000000086700000, 0x0000000086600000| Untracked 
| 103|0x0000000086700000, 0x0000000086700000, 0x0000000086800000|  0%| F|  |TAMS 0x0000000086700000, 0x0000000086700000| Untracked 
| 104|0x0000000086800000, 0x0000000086900000, 0x0000000086900000|100%| O|  |TAMS 0x0000000086900000, 0x0000000086800000| Untracked 
| 105|0x0000000086900000, 0x0000000086a00000, 0x0000000086a00000|100%| O|  |TAMS 0x0000000086a00000, 0x0000000086900000| Untracked 
| 106|0x0000000086a00000, 0x0000000086b00000, 0x0000000086b00000|100%| O|  |TAMS 0x0000000086b00000, 0x0000000086a00000| Untracked 
| 107|0x0000000086b00000, 0x0000000086c00000, 0x0000000086c00000|100%| O|  |TAMS 0x0000000086c00000, 0x0000000086b00000| Untracked 
| 108|0x0000000086c00000, 0x0000000086c00000, 0x0000000086d00000|  0%| F|  |TAMS 0x0000000086c00000, 0x0000000086c00000| Untracked 
| 109|0x0000000086d00000, 0x0000000086d00000, 0x0000000086e00000|  0%| F|  |TAMS 0x0000000086d00000, 0x0000000086d00000| Untracked 
| 110|0x0000000086e00000, 0x0000000086e00000, 0x0000000086f00000|  0%| F|  |TAMS 0x0000000086e00000, 0x0000000086e00000| Untracked 
| 111|0x0000000086f00000, 0x0000000086f00000, 0x0000000087000000|  0%| F|  |TAMS 0x0000000086f00000, 0x0000000086f00000| Untracked 
| 112|0x0000000087000000, 0x0000000087000000, 0x0000000087100000|  0%| F|  |TAMS 0x0000000087000000, 0x0000000087000000| Untracked 
| 113|0x0000000087100000, 0x0000000087100000, 0x0000000087200000|  0%| F|  |TAMS 0x0000000087100000, 0x0000000087100000| Untracked 
| 114|0x0000000087200000, 0x0000000087200000, 0x0000000087300000|  0%| F|  |TAMS 0x0000000087200000, 0x0000000087200000| Untracked 
| 115|0x0000000087300000, 0x0000000087300000, 0x0000000087400000|  0%| F|  |TAMS 0x0000000087300000, 0x0000000087300000| Untracked 
| 116|0x0000000087400000, 0x0000000087400000, 0x0000000087500000|  0%| F|  |TAMS 0x0000000087400000, 0x0000000087400000| Untracked 
| 117|0x0000000087500000, 0x0000000087500000, 0x0000000087600000|  0%| F|  |TAMS 0x0000000087500000, 0x0000000087500000| Untracked 
| 118|0x0000000087600000, 0x0000000087600000, 0x0000000087700000|  0%| F|  |TAMS 0x0000000087600000, 0x0000000087600000| Untracked 
| 119|0x0000000087700000, 0x0000000087700000, 0x0000000087800000|  0%| F|  |TAMS 0x0000000087700000, 0x0000000087700000| Untracked 
| 120|0x0000000087800000, 0x0000000087800000, 0x0000000087900000|  0%| F|  |TAMS 0x0000000087800000, 0x0000000087800000| Untracked 
| 121|0x0000000087900000, 0x0000000087900000, 0x0000000087a00000|  0%| F|  |TAMS 0x0000000087900000, 0x0000000087900000| Untracked 
| 122|0x0000000087a00000, 0x0000000087a00000, 0x0000000087b00000|  0%| F|  |TAMS 0x0000000087a00000, 0x0000000087a00000| Untracked 
| 123|0x0000000087b00000, 0x0000000087c00000, 0x0000000087c00000|100%|HS|  |TAMS 0x0000000087c00000, 0x0000000087b00000| Complete 
| 124|0x0000000087c00000, 0x0000000087d00000, 0x0000000087d00000|100%|HC|  |TAMS 0x0000000087d00000, 0x0000000087c00000| Complete 
| 125|0x0000000087d00000, 0x0000000087e00000, 0x0000000087e00000|100%|HS|  |TAMS 0x0000000087e00000, 0x0000000087d00000| Complete 
| 126|0x0000000087e00000, 0x0000000087f00000, 0x0000000087f00000|100%|HC|  |TAMS 0x0000000087f00000, 0x0000000087e00000| Complete 
| 127|0x0000000087f00000, 0x0000000088000000, 0x0000000088000000|100%|HC|  |TAMS 0x0000000088000000, 0x0000000087f00000| Complete 
| 128|0x0000000088000000, 0x0000000088100000, 0x0000000088100000|100%|HS|  |TAMS 0x0000000088100000, 0x0000000088000000| Complete 
| 129|0x0000000088100000, 0x0000000088200000, 0x0000000088200000|100%|HC|  |TAMS 0x0000000088200000, 0x0000000088100000| Complete 
| 130|0x0000000088200000, 0x0000000088300000, 0x0000000088300000|100%|HC|  |TAMS 0x0000000088300000, 0x0000000088200000| Complete 
| 131|0x0000000088300000, 0x0000000088400000, 0x0000000088400000|100%|HC|  |TAMS 0x0000000088400000, 0x0000000088300000| Complete 
| 132|0x0000000088400000, 0x0000000088500000, 0x0000000088500000|100%|HC|  |TAMS 0x0000000088500000, 0x0000000088400000| Complete 
| 133|0x0000000088500000, 0x0000000088600000, 0x0000000088600000|100%|HS|  |TAMS 0x0000000088600000, 0x0000000088500000| Complete 
| 134|0x0000000088600000, 0x0000000088700000, 0x0000000088700000|100%|HC|  |TAMS 0x0000000088700000, 0x0000000088600000| Complete 
| 135|0x0000000088700000, 0x0000000088800000, 0x0000000088800000|100%|HC|  |TAMS 0x0000000088800000, 0x0000000088700000| Complete 
| 136|0x0000000088800000, 0x0000000088900000, 0x0000000088900000|100%|HC|  |TAMS 0x0000000088900000, 0x0000000088800000| Complete 
| 137|0x0000000088900000, 0x0000000088a00000, 0x0000000088a00000|100%|HC|  |TAMS 0x0000000088a00000, 0x0000000088900000| Complete 
| 138|0x0000000088a00000, 0x0000000088a00000, 0x0000000088b00000|  0%| F|  |TAMS 0x0000000088a00000, 0x0000000088a00000| Untracked 
| 139|0x0000000088b00000, 0x0000000088b00000, 0x0000000088c00000|  0%| F|  |TAMS 0x0000000088b00000, 0x0000000088b00000| Untracked 
| 140|0x0000000088c00000, 0x0000000088c00000, 0x0000000088d00000|  0%| F|  |TAMS 0x0000000088c00000, 0x0000000088c00000| Untracked 
| 141|0x0000000088d00000, 0x0000000088d00000, 0x0000000088e00000|  0%| F|  |TAMS 0x0000000088d00000, 0x0000000088d00000| Untracked 
| 142|0x0000000088e00000, 0x0000000088e00000, 0x0000000088f00000|  0%| F|  |TAMS 0x0000000088e00000, 0x0000000088e00000| Untracked 
| 143|0x0000000088f00000, 0x0000000088f00000, 0x0000000089000000|  0%| F|  |TAMS 0x0000000088f00000, 0x0000000088f00000| Untracked 
| 144|0x0000000089000000, 0x0000000089000000, 0x0000000089100000|  0%| F|  |TAMS 0x0000000089000000, 0x0000000089000000| Untracked 
| 145|0x0000000089100000, 0x0000000089100000, 0x0000000089200000|  0%| F|  |TAMS 0x0000000089100000, 0x0000000089100000| Untracked 
| 146|0x0000000089200000, 0x0000000089200000, 0x0000000089300000|  0%| F|  |TAMS 0x0000000089200000, 0x0000000089200000| Untracked 
| 147|0x0000000089300000, 0x0000000089300000, 0x0000000089400000|  0%| F|  |TAMS 0x0000000089300000, 0x0000000089300000| Untracked 
| 148|0x0000000089400000, 0x0000000089400000, 0x0000000089500000|  0%| F|  |TAMS 0x0000000089400000, 0x0000000089400000| Untracked 
| 149|0x0000000089500000, 0x0000000089500000, 0x0000000089600000|  0%| F|  |TAMS 0x0000000089500000, 0x0000000089500000| Untracked 
| 150|0x0000000089600000, 0x000000008966d7d0, 0x0000000089700000| 42%| S|CS|TAMS 0x0000000089600000, 0x0000000089600000| Complete 
| 151|0x0000000089700000, 0x0000000089800000, 0x0000000089800000|100%| S|CS|TAMS 0x0000000089700000, 0x0000000089700000| Complete 
| 152|0x0000000089800000, 0x0000000089900000, 0x0000000089900000|100%| S|CS|TAMS 0x0000000089800000, 0x0000000089800000| Complete 
| 153|0x0000000089900000, 0x0000000089a00000, 0x0000000089a00000|100%| S|CS|TAMS 0x0000000089900000, 0x0000000089900000| Complete 
| 154|0x0000000089a00000, 0x0000000089b00000, 0x0000000089b00000|100%| S|CS|TAMS 0x0000000089a00000, 0x0000000089a00000| Complete 
| 155|0x0000000089b00000, 0x0000000089c00000, 0x0000000089c00000|100%| S|CS|TAMS 0x0000000089b00000, 0x0000000089b00000| Complete 
| 156|0x0000000089c00000, 0x0000000089d00000, 0x0000000089d00000|100%| S|CS|TAMS 0x0000000089c00000, 0x0000000089c00000| Complete 
| 157|0x0000000089d00000, 0x0000000089d00000, 0x0000000089e00000|  0%| F|  |TAMS 0x0000000089d00000, 0x0000000089d00000| Untracked 
| 158|0x0000000089e00000, 0x0000000089e00000, 0x0000000089f00000|  0%| F|  |TAMS 0x0000000089e00000, 0x0000000089e00000| Untracked 
| 159|0x0000000089f00000, 0x0000000089f00000, 0x000000008a000000|  0%| F|  |TAMS 0x0000000089f00000, 0x0000000089f00000| Untracked 
| 160|0x000000008a000000, 0x000000008a000000, 0x000000008a100000|  0%| F|  |TAMS 0x000000008a000000, 0x000000008a000000| Untracked 
| 161|0x000000008a100000, 0x000000008a100000, 0x000000008a200000|  0%| F|  |TAMS 0x000000008a100000, 0x000000008a100000| Untracked 
| 162|0x000000008a200000, 0x000000008a200000, 0x000000008a300000|  0%| F|  |TAMS 0x000000008a200000, 0x000000008a200000| Untracked 
| 163|0x000000008a300000, 0x000000008a300000, 0x000000008a400000|  0%| F|  |TAMS 0x000000008a300000, 0x000000008a300000| Untracked 
| 164|0x000000008a400000, 0x000000008a400000, 0x000000008a500000|  0%| F|  |TAMS 0x000000008a400000, 0x000000008a400000| Untracked 
| 165|0x000000008a500000, 0x000000008a500000, 0x000000008a600000|  0%| F|  |TAMS 0x000000008a500000, 0x000000008a500000| Untracked 
| 166|0x000000008a600000, 0x000000008a600000, 0x000000008a700000|  0%| F|  |TAMS 0x000000008a600000, 0x000000008a600000| Untracked 
| 167|0x000000008a700000, 0x000000008a700000, 0x000000008a800000|  0%| F|  |TAMS 0x000000008a700000, 0x000000008a700000| Untracked 
| 168|0x000000008a800000, 0x000000008a800000, 0x000000008a900000|  0%| F|  |TAMS 0x000000008a800000, 0x000000008a800000| Untracked 
| 169|0x000000008a900000, 0x000000008a900000, 0x000000008aa00000|  0%| F|  |TAMS 0x000000008a900000, 0x000000008a900000| Untracked 
| 170|0x000000008aa00000, 0x000000008aa00000, 0x000000008ab00000|  0%| F|  |TAMS 0x000000008aa00000, 0x000000008aa00000| Untracked 
| 171|0x000000008ab00000, 0x000000008ab00000, 0x000000008ac00000|  0%| F|  |TAMS 0x000000008ab00000, 0x000000008ab00000| Untracked 
| 172|0x000000008ac00000, 0x000000008ac00000, 0x000000008ad00000|  0%| F|  |TAMS 0x000000008ac00000, 0x000000008ac00000| Untracked 
| 173|0x000000008ad00000, 0x000000008ad00000, 0x000000008ae00000|  0%| F|  |TAMS 0x000000008ad00000, 0x000000008ad00000| Untracked 
| 174|0x000000008ae00000, 0x000000008ae00000, 0x000000008af00000|  0%| F|  |TAMS 0x000000008ae00000, 0x000000008ae00000| Untracked 
| 175|0x000000008af00000, 0x000000008af00000, 0x000000008b000000|  0%| F|  |TAMS 0x000000008af00000, 0x000000008af00000| Untracked 
| 176|0x000000008b000000, 0x000000008b000000, 0x000000008b100000|  0%| F|  |TAMS 0x000000008b000000, 0x000000008b000000| Untracked 
| 177|0x000000008b100000, 0x000000008b100000, 0x000000008b200000|  0%| F|  |TAMS 0x000000008b100000, 0x000000008b100000| Untracked 
| 178|0x000000008b200000, 0x000000008b200000, 0x000000008b300000|  0%| F|  |TAMS 0x000000008b200000, 0x000000008b200000| Untracked 
| 179|0x000000008b300000, 0x000000008b300000, 0x000000008b400000|  0%| F|  |TAMS 0x000000008b300000, 0x000000008b300000| Untracked 
| 180|0x000000008b400000, 0x000000008b400000, 0x000000008b500000|  0%| F|  |TAMS 0x000000008b400000, 0x000000008b400000| Untracked 
| 181|0x000000008b500000, 0x000000008b500000, 0x000000008b600000|  0%| F|  |TAMS 0x000000008b500000, 0x000000008b500000| Untracked 
| 182|0x000000008b600000, 0x000000008b600000, 0x000000008b700000|  0%| F|  |TAMS 0x000000008b600000, 0x000000008b600000| Untracked 
| 183|0x000000008b700000, 0x000000008b700000, 0x000000008b800000|  0%| F|  |TAMS 0x000000008b700000, 0x000000008b700000| Untracked 
| 184|0x000000008b800000, 0x000000008b880800, 0x000000008b900000| 50%| E|  |TAMS 0x000000008b800000, 0x000000008b800000| Complete 
| 185|0x000000008b900000, 0x000000008ba00000, 0x000000008ba00000|100%| E|CS|TAMS 0x000000008b900000, 0x000000008b900000| Complete 
| 186|0x000000008ba00000, 0x000000008bb00000, 0x000000008bb00000|100%| E|CS|TAMS 0x000000008ba00000, 0x000000008ba00000| Complete 
| 187|0x000000008bb00000, 0x000000008bc00000, 0x000000008bc00000|100%| E|CS|TAMS 0x000000008bb00000, 0x000000008bb00000| Complete 
| 188|0x000000008bc00000, 0x000000008bd00000, 0x000000008bd00000|100%| E|CS|TAMS 0x000000008bc00000, 0x000000008bc00000| Complete 
| 189|0x000000008bd00000, 0x000000008be00000, 0x000000008be00000|100%| E|CS|TAMS 0x000000008bd00000, 0x000000008bd00000| Complete 
| 190|0x000000008be00000, 0x000000008bf00000, 0x000000008bf00000|100%| E|CS|TAMS 0x000000008be00000, 0x000000008be00000| Complete 
| 191|0x000000008bf00000, 0x000000008c000000, 0x000000008c000000|100%| E|CS|TAMS 0x000000008bf00000, 0x000000008bf00000| Complete 
| 192|0x000000008c000000, 0x000000008c100000, 0x000000008c100000|100%| E|CS|TAMS 0x000000008c000000, 0x000000008c000000| Complete 
| 193|0x000000008c100000, 0x000000008c200000, 0x000000008c200000|100%| E|CS|TAMS 0x000000008c100000, 0x000000008c100000| Complete 
| 194|0x000000008c200000, 0x000000008c300000, 0x000000008c300000|100%| E|CS|TAMS 0x000000008c200000, 0x000000008c200000| Complete 
| 195|0x000000008c300000, 0x000000008c400000, 0x000000008c400000|100%| E|CS|TAMS 0x000000008c300000, 0x000000008c300000| Complete 
| 196|0x000000008c400000, 0x000000008c500000, 0x000000008c500000|100%| E|CS|TAMS 0x000000008c400000, 0x000000008c400000| Complete 
| 197|0x000000008c500000, 0x000000008c600000, 0x000000008c600000|100%| E|CS|TAMS 0x000000008c500000, 0x000000008c500000| Complete 
| 198|0x000000008c600000, 0x000000008c700000, 0x000000008c700000|100%| E|CS|TAMS 0x000000008c600000, 0x000000008c600000| Complete 
| 199|0x000000008c700000, 0x000000008c800000, 0x000000008c800000|100%| E|CS|TAMS 0x000000008c700000, 0x000000008c700000| Complete 
| 200|0x000000008c800000, 0x000000008c900000, 0x000000008c900000|100%| E|CS|TAMS 0x000000008c800000, 0x000000008c800000| Complete 
| 201|0x000000008c900000, 0x000000008ca00000, 0x000000008ca00000|100%| E|CS|TAMS 0x000000008c900000, 0x000000008c900000| Complete 
| 202|0x000000008ca00000, 0x000000008cb00000, 0x000000008cb00000|100%| E|CS|TAMS 0x000000008ca00000, 0x000000008ca00000| Complete 
| 203|0x000000008cb00000, 0x000000008cc00000, 0x000000008cc00000|100%| E|CS|TAMS 0x000000008cb00000, 0x000000008cb00000| Complete 
| 204|0x000000008cc00000, 0x000000008cd00000, 0x000000008cd00000|100%| E|CS|TAMS 0x000000008cc00000, 0x000000008cc00000| Complete 
| 205|0x000000008cd00000, 0x000000008ce00000, 0x000000008ce00000|100%| E|CS|TAMS 0x000000008cd00000, 0x000000008cd00000| Complete 
| 206|0x000000008ce00000, 0x000000008cf00000, 0x000000008cf00000|100%| E|CS|TAMS 0x000000008ce00000, 0x000000008ce00000| Complete 
| 207|0x000000008cf00000, 0x000000008d000000, 0x000000008d000000|100%| E|CS|TAMS 0x000000008cf00000, 0x000000008cf00000| Complete 
| 208|0x000000008d000000, 0x000000008d100000, 0x000000008d100000|100%| E|CS|TAMS 0x000000008d000000, 0x000000008d000000| Complete 
| 209|0x000000008d100000, 0x000000008d200000, 0x000000008d200000|100%| E|CS|TAMS 0x000000008d100000, 0x000000008d100000| Complete 
| 210|0x000000008d200000, 0x000000008d300000, 0x000000008d300000|100%| E|CS|TAMS 0x000000008d200000, 0x000000008d200000| Complete 
| 211|0x000000008d300000, 0x000000008d400000, 0x000000008d400000|100%| E|CS|TAMS 0x000000008d300000, 0x000000008d300000| Complete 
| 212|0x000000008d400000, 0x000000008d500000, 0x000000008d500000|100%| E|CS|TAMS 0x000000008d400000, 0x000000008d400000| Complete 
| 213|0x000000008d500000, 0x000000008d600000, 0x000000008d600000|100%| E|CS|TAMS 0x000000008d500000, 0x000000008d500000| Complete 
| 214|0x000000008d600000, 0x000000008d700000, 0x000000008d700000|100%| E|CS|TAMS 0x000000008d600000, 0x000000008d600000| Complete 
| 215|0x000000008d700000, 0x000000008d800000, 0x000000008d800000|100%| E|CS|TAMS 0x000000008d700000, 0x000000008d700000| Complete 
| 216|0x000000008d800000, 0x000000008d900000, 0x000000008d900000|100%| E|CS|TAMS 0x000000008d800000, 0x000000008d800000| Complete 
| 217|0x000000008d900000, 0x000000008da00000, 0x000000008da00000|100%| E|CS|TAMS 0x000000008d900000, 0x000000008d900000| Complete 
| 218|0x000000008da00000, 0x000000008db00000, 0x000000008db00000|100%| E|CS|TAMS 0x000000008da00000, 0x000000008da00000| Complete 
| 219|0x000000008db00000, 0x000000008dc00000, 0x000000008dc00000|100%| E|CS|TAMS 0x000000008db00000, 0x000000008db00000| Complete 
| 220|0x000000008dc00000, 0x000000008dd00000, 0x000000008dd00000|100%| E|CS|TAMS 0x000000008dc00000, 0x000000008dc00000| Complete 
| 221|0x000000008dd00000, 0x000000008de00000, 0x000000008de00000|100%| E|CS|TAMS 0x000000008dd00000, 0x000000008dd00000| Complete 
| 222|0x000000008de00000, 0x000000008df00000, 0x000000008df00000|100%| E|CS|TAMS 0x000000008de00000, 0x000000008de00000| Complete 
| 223|0x000000008df00000, 0x000000008e000000, 0x000000008e000000|100%| E|CS|TAMS 0x000000008df00000, 0x000000008df00000| Complete 
| 224|0x000000008e000000, 0x000000008e100000, 0x000000008e100000|100%| E|CS|TAMS 0x000000008e000000, 0x000000008e000000| Complete 
| 225|0x000000008e100000, 0x000000008e200000, 0x000000008e200000|100%| E|CS|TAMS 0x000000008e100000, 0x000000008e100000| Complete 
| 226|0x000000008e200000, 0x000000008e300000, 0x000000008e300000|100%| E|CS|TAMS 0x000000008e200000, 0x000000008e200000| Complete 
| 227|0x000000008e300000, 0x000000008e400000, 0x000000008e400000|100%| E|CS|TAMS 0x000000008e300000, 0x000000008e300000| Complete 
| 228|0x000000008e400000, 0x000000008e500000, 0x000000008e500000|100%| E|CS|TAMS 0x000000008e400000, 0x000000008e400000| Complete 
| 229|0x000000008e500000, 0x000000008e600000, 0x000000008e600000|100%| E|CS|TAMS 0x000000008e500000, 0x000000008e500000| Complete 
| 230|0x000000008e600000, 0x000000008e700000, 0x000000008e700000|100%| E|CS|TAMS 0x000000008e600000, 0x000000008e600000| Complete 

Card table byte_map: [0x000001f33b4f0000,0x000001f33b8f0000] _byte_map_base: 0x000001f33b0f0000

Marking Bits (Prev, Next): (CMBitMap*) 0x000001f3267fd3f0, (CMBitMap*) 0x000001f3267fd3b8
 Prev Bits: [0x000001f33dcf0000, 0x000001f33fcf0000)
 Next Bits: [0x000001f33bcf0000, 0x000001f33dcf0000)

Polling page: 0x000001f326630000

Metaspace:

Usage:
  Non-class:    108.79 MB capacity,   106.51 MB ( 98%) used,     1.86 MB (  2%) free+waste,   431.19 KB ( <1%) overhead. 
      Class:     16.64 MB capacity,    15.33 MB ( 92%) used,     1.12 MB (  7%) free+waste,   188.19 KB (  1%) overhead. 
       Both:    125.43 MB capacity,   121.84 MB ( 97%) used,     2.98 MB (  2%) free+waste,   619.38 KB ( <1%) overhead. 

Virtual space:
  Non-class space:      110.00 MB reserved,     109.74 MB (>99%) committed 
      Class space:        1.00 GB reserved,      16.88 MB (  2%) committed 
             Both:        1.11 GB reserved,     126.62 MB ( 11%) committed 

Chunk freelists:
   Non-Class:  784.00 KB
       Class:  180.00 KB
        Both:  964.00 KB

MaxMetaspaceSize: 17179869184.00 GB
CompressedClassSpaceSize: 1.00 GB

CodeHeap 'non-profiled nmethods': size=120064Kb used=15734Kb max_used=15734Kb free=104329Kb
 bounds [0x000001f333580000, 0x000001f334520000, 0x000001f33aac0000]
CodeHeap 'profiled nmethods': size=120000Kb used=47495Kb max_used=48792Kb free=72504Kb
 bounds [0x000001f32c050000, 0x000001f32f010000, 0x000001f333580000]
CodeHeap 'non-nmethods': size=5696Kb used=2360Kb max_used=2424Kb free=3335Kb
 bounds [0x000001f32bac0000, 0x000001f32bd30000, 0x000001f32c050000]
 total_blobs=21983 nmethods=21001 adapters=891
 compilation: enabled
              stopped_count=0, restarted_count=0
 full_count=0

Compilation events (20 events):
Event: 3512.753 Thread 0x000001f342bdd800 23618       2       java.lang.Class::getMethod0 (31 bytes)
Event: 3512.753 Thread 0x000001f342bdd800 nmethod 23618 0x000001f32cb06c90 code [0x000001f32cb06e60, 0x000001f32cb06fd8]
Event: 3512.753 Thread 0x000001f342bdd800 23619       2       java.lang.Class::getMethod (59 bytes)
Event: 3512.754 Thread 0x000001f342bdd800 nmethod 23619 0x000001f32cb39010 code [0x000001f32cb39260, 0x000001f32cb397a8]
Event: 3512.760 Thread 0x000001f342bdd800 23622       3       groovy.lang.MetaClassImpl::addInterfaceMethods (85 bytes)
Event: 3512.761 Thread 0x000001f342bdd800 nmethod 23622 0x000001f32cb9e190 code [0x000001f32cb9e3e0, 0x000001f32cb9ed18]
Event: 3512.777 Thread 0x000001f342bdd800 23623       3       groovy.lang.MetaClassImpl::addElementToList (58 bytes)
Event: 3512.778 Thread 0x000001f342bdd800 nmethod 23623 0x000001f32cb80b90 code [0x000001f32cb80dc0, 0x000001f32cb815a8]
Event: 3512.821 Thread 0x000001f342328000 nmethod 23558 0x000001f334510110 code [0x000001f334510900, 0x000001f334519038]
Event: 3512.821 Thread 0x000001f342328000 23620       4       java.lang.Class::getMethodsRecursive (99 bytes)
Event: 3512.833 Thread 0x000001f342bdd800 23625       3       groovy.lang.MetaClassImpl::inheritStaticInterfaceFields (126 bytes)
Event: 3512.836 Thread 0x000001f342bdd800 nmethod 23625 0x000001f32ccae590 code [0x000001f32ccae920, 0x000001f32ccb0508]
Event: 3512.933 Thread 0x000001f342bdd800 23627       3       org.gradle.api.internal.artifacts.configurations.DefaultConfiguration_Decorated::getDependencies (40 bytes)
Event: 3512.934 Thread 0x000001f342bdd800 nmethod 23627 0x000001f32cb4cb90 code [0x000001f32cb4cdc0, 0x000001f32cb4d4c8]
Event: 3513.070 Thread 0x000001f342bdd800 23629       3       groovyjarjarasm.asm.MethodWriter::addSuccessorToCurrentBasicBlock (24 bytes)
Event: 3513.070 Thread 0x000001f342bdd800 nmethod 23629 0x000001f32cb2f110 code [0x000001f32cb2f2e0, 0x000001f32cb2f618]
Event: 3513.075 Thread 0x000001f342bdd800 23630       3       groovy.lang.MetaClassImpl::getSuperClasses (92 bytes)
Event: 3513.076 Thread 0x000001f342bdd800 nmethod 23630 0x000001f32cbc7890 code [0x000001f32cbc7b00, 0x000001f32cbc8458]
Event: 3513.077 Thread 0x000001f342bdd800 23631       3       org.codehaus.groovy.runtime.MetaClassHelper::sameClasses (54 bytes)
Event: 3513.077 Thread 0x000001f342bdd800 nmethod 23631 0x000001f32cb6ed90 code [0x000001f32cb6efa0, 0x000001f32cb6f688]

GC Heap History (20 events):
Event: 1378.623 GC heap before
{Heap before GC invocations=62 (full 0):
 garbage-first heap   total 236544K, used 175201K [0x0000000080000000, 0x0000000100000000)
  region size 1024K, 60 young (61440K), 6 survivors (6144K)
 Metaspace       used 118603K, capacity 122255K, committed 122360K, reserved 1155072K
  class space    used 14912K, capacity 16282K, committed 16384K, reserved 1048576K
}
Event: 1378.646 GC heap after
{Heap after GC invocations=63 (full 0):
 garbage-first heap   total 236544K, used 107293K [0x0000000080000000, 0x0000000100000000)
  region size 1024K, 4 young (4096K), 4 survivors (4096K)
 Metaspace       used 118603K, capacity 122255K, committed 122360K, reserved 1155072K
  class space    used 14912K, capacity 16282K, committed 16384K, reserved 1048576K
}
Event: 1378.775 GC heap before
{Heap before GC invocations=63 (full 0):
 garbage-first heap   total 236544K, used 114461K [0x0000000080000000, 0x0000000100000000)
  region size 1024K, 11 young (11264K), 4 survivors (4096K)
 Metaspace       used 118613K, capacity 122256K, committed 122360K, reserved 1155072K
  class space    used 14912K, capacity 16282K, committed 16384K, reserved 1048576K
}
Event: 1378.803 GC heap after
{Heap after GC invocations=64 (full 0):
 garbage-first heap   total 236544K, used 97905K [0x0000000080000000, 0x0000000100000000)
  region size 1024K, 2 young (2048K), 2 survivors (2048K)
 Metaspace       used 118613K, capacity 122256K, committed 122360K, reserved 1155072K
  class space    used 14912K, capacity 16282K, committed 16384K, reserved 1048576K
}
Event: 1381.596 GC heap before
{Heap before GC invocations=64 (full 0):
 garbage-first heap   total 236544K, used 151153K [0x0000000080000000, 0x0000000100000000)
  region size 1024K, 56 young (57344K), 2 survivors (2048K)
 Metaspace       used 118651K, capacity 122339K, committed 122616K, reserved 1155072K
  class space    used 14914K, capacity 16285K, committed 16384K, reserved 1048576K
}
Event: 1381.609 GC heap after
{Heap after GC invocations=65 (full 0):
 garbage-first heap   total 236544K, used 100330K [0x0000000080000000, 0x0000000100000000)
  region size 1024K, 4 young (4096K), 4 survivors (4096K)
 Metaspace       used 118651K, capacity 122339K, committed 122616K, reserved 1155072K
  class space    used 14914K, capacity 16285K, committed 16384K, reserved 1048576K
}
Event: 3499.741 GC heap before
{Heap before GC invocations=66 (full 0):
 garbage-first heap   total 236544K, used 208874K [0x0000000080000000, 0x0000000100000000)
  region size 1024K, 70 young (71680K), 4 survivors (4096K)
 Metaspace       used 120163K, capacity 123990K, committed 124152K, reserved 1157120K
  class space    used 15172K, capacity 16589K, committed 16640K, reserved 1048576K
}
Event: 3499.756 GC heap after
{Heap after GC invocations=67 (full 0):
 garbage-first heap   total 236544K, used 116599K [0x0000000080000000, 0x0000000100000000)
  region size 1024K, 6 young (6144K), 6 survivors (6144K)
 Metaspace       used 120163K, capacity 123990K, committed 124152K, reserved 1157120K
  class space    used 15172K, capacity 16589K, committed 16640K, reserved 1048576K
}
Event: 3499.977 GC heap before
{Heap before GC invocations=67 (full 0):
 garbage-first heap   total 236544K, used 120695K [0x0000000080000000, 0x0000000100000000)
  region size 1024K, 11 young (11264K), 6 survivors (6144K)
 Metaspace       used 120978K, capacity 124790K, committed 125048K, reserved 1157120K
  class space    used 15325K, capacity 16749K, committed 16768K, reserved 1048576K
}
Event: 3499.993 GC heap after
{Heap after GC invocations=68 (full 0):
 garbage-first heap   total 236544K, used 112898K [0x0000000080000000, 0x0000000100000000)
  region size 1024K, 1 young (1024K), 1 survivors (1024K)
 Metaspace       used 120978K, capacity 124790K, committed 125048K, reserved 1157120K
  class space    used 15325K, capacity 16749K, committed 16768K, reserved 1048576K
}
Event: 3501.875 GC heap before
{Heap before GC invocations=68 (full 0):
 garbage-first heap   total 236544K, used 176386K [0x0000000080000000, 0x0000000100000000)
  region size 1024K, 63 young (64512K), 1 survivors (1024K)
 Metaspace       used 122075K, capacity 125823K, committed 125944K, reserved 1159168K
  class space    used 15464K, capacity 16880K, committed 16896K, reserved 1048576K
}
Event: 3501.887 GC heap after
{Heap after GC invocations=69 (full 0):
 garbage-first heap   total 236544K, used 114774K [0x0000000080000000, 0x0000000100000000)
  region size 1024K, 3 young (3072K), 3 survivors (3072K)
 Metaspace       used 122075K, capacity 125823K, committed 125944K, reserved 1159168K
  class space    used 15464K, capacity 16880K, committed 16896K, reserved 1048576K
}
Event: 3506.712 GC heap before
{Heap before GC invocations=70 (full 0):
 garbage-first heap   total 236544K, used 182358K [0x0000000080000000, 0x0000000100000000)
  region size 1024K, 67 young (68608K), 3 survivors (3072K)
 Metaspace       used 123275K, capacity 126645K, committed 127992K, reserved 1161216K
  class space    used 15516K, capacity 16805K, committed 17152K, reserved 1048576K
}
Event: 3506.731 GC heap after
{Heap after GC invocations=71 (full 0):
 garbage-first heap   total 236544K, used 120941K [0x0000000080000000, 0x0000000100000000)
  region size 1024K, 6 young (6144K), 6 survivors (6144K)
 Metaspace       used 123275K, capacity 126645K, committed 127992K, reserved 1161216K
  class space    used 15516K, capacity 16805K, committed 17152K, reserved 1048576K
}
Event: 3506.945 GC heap before
{Heap before GC invocations=71 (full 0):
 garbage-first heap   total 236544K, used 126061K [0x0000000080000000, 0x0000000100000000)
  region size 1024K, 11 young (11264K), 6 survivors (6144K)
 Metaspace       used 123362K, capacity 126718K, committed 128248K, reserved 1161216K
  class space    used 15521K, capacity 16807K, committed 17152K, reserved 1048576K
}
Event: 3507.001 GC heap after
{Heap after GC invocations=72 (full 0):
 garbage-first heap   total 236544K, used 104193K [0x0000000080000000, 0x0000000100000000)
  region size 1024K, 1 young (1024K), 1 survivors (1024K)
 Metaspace       used 123362K, capacity 126718K, committed 128248K, reserved 1161216K
  class space    used 15521K, capacity 16807K, committed 17152K, reserved 1048576K
}
Event: 3507.469 GC heap before
{Heap before GC invocations=72 (full 0):
 garbage-first heap   total 236544K, used 114433K [0x0000000080000000, 0x0000000100000000)
  region size 1024K, 11 young (11264K), 1 survivors (1024K)
 Metaspace       used 123851K, capacity 127338K, committed 128504K, reserved 1161216K
  class space    used 15576K, capacity 16902K, committed 17152K, reserved 1048576K
}
Event: 3507.492 GC heap after
{Heap after GC invocations=73 (full 0):
 garbage-first heap   total 236544K, used 102000K [0x0000000080000000, 0x0000000100000000)
  region size 1024K, 2 young (2048K), 2 survivors (2048K)
 Metaspace       used 123851K, capacity 127338K, committed 128504K, reserved 1161216K
  class space    used 15576K, capacity 16902K, committed 17152K, reserved 1048576K
}
Event: 3512.717 GC heap before
{Heap before GC invocations=73 (full 0):
 garbage-first heap   total 236544K, used 175728K [0x0000000080000000, 0x0000000100000000)
  region size 1024K, 74 young (75776K), 2 survivors (2048K)
 Metaspace       used 124672K, capacity 128252K, committed 129400K, reserved 1161216K
  class space    used 15683K, capacity 17016K, committed 17280K, reserved 1048576K
}
Event: 3512.746 GC heap after
{Heap after GC invocations=74 (full 0):
 garbage-first heap   total 236544K, used 106933K [0x0000000080000000, 0x0000000100000000)
  region size 1024K, 7 young (7168K), 7 survivors (7168K)
 Metaspace       used 124672K, capacity 128252K, committed 129400K, reserved 1161216K
  class space    used 15683K, capacity 17016K, committed 17280K, reserved 1048576K
}

Deoptimization events (20 events):
Event: 3509.248 Thread 0x000001f344e5c000 DEOPT PACKING pc=0x000001f3335f2824 sp=0x0000009016bfb180
Event: 3509.248 Thread 0x000001f344e5c000 DEOPT UNPACKING pc=0x000001f32bae78af sp=0x0000009016bfb170 mode 2
Event: 3512.482 Thread 0x000001f344e5c000 DEOPT PACKING pc=0x000001f32cd6eb4a sp=0x0000009016bf9b40
Event: 3512.482 Thread 0x000001f344e5c000 DEOPT UNPACKING pc=0x000001f32bae76ce sp=0x0000009016bf8fa0 mode 0
Event: 3512.502 Thread 0x000001f344e5c000 Uncommon trap: trap_request=0xffffffc6 fr.pc=0x000001f3343b2c20 relative=0x0000000000000440
Event: 3512.502 Thread 0x000001f344e5c000 Uncommon trap: reason=bimorphic_or_optimized_type_check action=maybe_recompile pc=0x000001f3343b2c20 method=java.util.concurrent.CopyOnWriteArrayList.indexOfRange(Ljava/lang/Object;[Ljava/lang/Object;II)I @ 46 c2
Event: 3512.502 Thread 0x000001f344e5c000 DEOPT PACKING pc=0x000001f3343b2c20 sp=0x0000009016bf9ea0
Event: 3512.502 Thread 0x000001f344e5c000 DEOPT UNPACKING pc=0x000001f32bae78af sp=0x0000009016bf9e60 mode 2
Event: 3512.606 Thread 0x000001f344e5c000 Uncommon trap: trap_request=0xffffff4d fr.pc=0x000001f333ddeb9c relative=0x0000000000000edc
Event: 3512.606 Thread 0x000001f344e5c000 Uncommon trap: reason=unstable_if action=reinterpret pc=0x000001f333ddeb9c method=java.lang.ref.SoftReference.get()Ljava/lang/Object; @ 6 c2
Event: 3512.606 Thread 0x000001f344e5c000 DEOPT PACKING pc=0x000001f333ddeb9c sp=0x0000009016bf7fa0
Event: 3512.606 Thread 0x000001f344e5c000 DEOPT UNPACKING pc=0x000001f32bae78af sp=0x0000009016bf7db8 mode 2
Event: 3512.686 Thread 0x000001f344e5c000 DEOPT PACKING pc=0x000001f32c61ec64 sp=0x0000009016bf86b0
Event: 3512.686 Thread 0x000001f344e5c000 DEOPT UNPACKING pc=0x000001f32bae76ce sp=0x0000009016bf7b48 mode 0
Event: 3512.751 Thread 0x000001f344e5c000 Uncommon trap: trap_request=0xfffffff4 fr.pc=0x000001f3342f1dd4 relative=0x0000000000002814
Event: 3512.751 Thread 0x000001f344e5c000 Uncommon trap: reason=null_check action=make_not_entrant pc=0x000001f3342f1dd4 method=java.lang.PublicMethods$MethodList.getMostSpecific()Ljava/lang/reflect/Method; @ 41 c2
Event: 3512.751 Thread 0x000001f344e5c000 DEOPT PACKING pc=0x000001f3342f1dd4 sp=0x0000009016bf4e10
Event: 3512.751 Thread 0x000001f344e5c000 DEOPT UNPACKING pc=0x000001f32bae78af sp=0x0000009016bf4d10 mode 2
Event: 3512.762 Thread 0x000001f344e5c000 DEOPT PACKING pc=0x000001f32cd6eb6b sp=0x0000009016bf6790
Event: 3512.762 Thread 0x000001f344e5c000 DEOPT UNPACKING pc=0x000001f32bae76ce sp=0x0000009016bf5bf0 mode 0

Classes redefined (0 events):
No events

Internal exceptions (20 events):
Event: 3508.050 Thread 0x000001f344e5c000 Exception <a 'java/lang/ClassNotFoundException'{0x000000008dc30af0}: org/jetbrains/plugins/gradle/tooling/builder/IntelliJProjectSettingsBuilderCustomizer> (0x000000008dc30af0) thrown at [./src/hotspot/share/classfile/systemDictionary.cpp, line 231]
Event: 3508.059 Thread 0x000001f344e5c000 Exception <a 'java/lang/ClassNotFoundException'{0x000000008d973320}: java/util/concurrent/CopyOnWriteArrayListBeanInfo> (0x000000008d973320) thrown at [./src/hotspot/share/classfile/systemDictionary.cpp, line 231]
Event: 3508.059 Thread 0x000001f344e5c000 Exception <a 'java/lang/ClassNotFoundException'{0x000000008d97b6d8}: java/util/concurrent/CopyOnWriteArrayListCustomizer> (0x000000008d97b6d8) thrown at [./src/hotspot/share/classfile/systemDictionary.cpp, line 231]
Event: 3508.629 Thread 0x000001f344e5c000 Exception <a 'java/lang/NoSuchMethodError'{0x000000008c105490}: 'java.lang.Object java.lang.invoke.DelegatingMethodHandle$Holder.reinvoke_L(java.lang.Object, java.lang.Object, java.lang.Object, java.lang.Object, java.lang.Object, java.lang.Object, java.lang.Object, java.lang.Object, java.lang.Object, java.lang.Object, java.lang.Object, java.lang.Object, java.lang.Object, java.lang.Object, java.lang.Object, java.lang.Object, java.lang.Object, java.lang.Object, java.lang.Object, java.lang.Object, java.lang.O
Event: 3508.642 Thread 0x000001f344e5c000 Exception <a 'java/lang/NoSuchMethodError'{0x000000008c15cc20}: 'java.lang.Object java.lang.invoke.DelegatingMethodHandle$Holder.reinvoke_L(java.lang.Object, java.lang.Object, java.lang.Object, java.lang.Object, java.lang.Object, java.lang.Object, java.lang.Object, java.lang.Object, java.lang.Object, java.lang.Object, java.lang.Object, java.lang.Object, java.lang.Object, java.lang.Object, java.lang.Object, java.lang.Object, java.lang.Object, java.lang.Object, java.lang.Object, java.lang.Object)'> (0x000000
Event: 3508.925 Thread 0x000001f344e5c000 Exception <a 'java/lang/ClassNotFoundException'{0x000000008c0531b8}: org/gradle/internal/service/scopes/ProjectScopeServicesBeanInfo> (0x000000008c0531b8) thrown at [./src/hotspot/share/classfile/systemDictionary.cpp, line 231]
Event: 3508.926 Thread 0x000001f344e5c000 Exception <a 'java/lang/ClassNotFoundException'{0x000000008c06ad00}: org/gradle/internal/service/DefaultServiceRegistryBeanInfo> (0x000000008c06ad00) thrown at [./src/hotspot/share/classfile/systemDictionary.cpp, line 231]
Event: 3508.927 Thread 0x000001f344e5c000 Exception <a 'java/lang/ClassNotFoundException'{0x000000008c083018}: org/gradle/internal/service/DefaultServiceRegistryCustomizer> (0x000000008c083018) thrown at [./src/hotspot/share/classfile/systemDictionary.cpp, line 231]
Event: 3508.929 Thread 0x000001f344e5c000 Exception <a 'java/lang/ClassNotFoundException'{0x000000008c0a8f70}: org/gradle/internal/service/scopes/ProjectScopeServicesCustomizer> (0x000000008c0a8f70) thrown at [./src/hotspot/share/classfile/systemDictionary.cpp, line 231]
Event: 3508.936 Thread 0x000001f344e5c000 Exception <a 'java/lang/ClassNotFoundException'{0x000000008c0f6430}: org/gradle/tooling/provider/model/internal/DefaultToolingModelBuilderRegistryBeanInfo> (0x000000008c0f6430) thrown at [./src/hotspot/share/classfile/systemDictionary.cpp, line 231]
Event: 3508.937 Thread 0x000001f344e5c000 Exception <a 'java/lang/ClassNotFoundException'{0x000000008bf12918}: org/gradle/tooling/provider/model/internal/DefaultToolingModelBuilderRegistryCustomizer> (0x000000008bf12918) thrown at [./src/hotspot/share/classfile/systemDictionary.cpp, line 231]
Event: 3508.952 Thread 0x000001f344e5c000 Exception <a 'java/lang/ClassNotFoundException'{0x000000008beb34a8}: org/codehaus/groovy/reflection/CachedFieldBeanInfo> (0x000000008beb34a8) thrown at [./src/hotspot/share/classfile/systemDictionary.cpp, line 231]
Event: 3508.953 Thread 0x000001f344e5c000 Exception <a 'java/lang/ClassNotFoundException'{0x000000008bed48c8}: groovy/lang/MetaPropertyBeanInfo> (0x000000008bed48c8) thrown at [./src/hotspot/share/classfile/systemDictionary.cpp, line 231]
Event: 3508.955 Thread 0x000001f344e5c000 Exception <a 'java/lang/ClassNotFoundException'{0x000000008bef6538}: groovy/lang/MetaPropertyCustomizer> (0x000000008bef6538) thrown at [./src/hotspot/share/classfile/systemDictionary.cpp, line 231]
Event: 3508.959 Thread 0x000001f344e5c000 Exception <a 'java/lang/ClassNotFoundException'{0x000000008bc7fe50}: org/codehaus/groovy/reflection/CachedFieldCustomizer> (0x000000008bc7fe50) thrown at [./src/hotspot/share/classfile/systemDictionary.cpp, line 231]
Event: 3509.234 Thread 0x000001f344e5c000 Exception <a 'java/lang/ClassNotFoundException'{0x000000008ba1c1a0}: java/util/CollectionBeanInfo> (0x000000008ba1c1a0) thrown at [./src/hotspot/share/classfile/systemDictionary.cpp, line 231]
Event: 3509.234 Thread 0x000001f344e5c000 Exception <a 'java/lang/ClassNotFoundException'{0x000000008ba27210}: java/util/CollectionCustomizer> (0x000000008ba27210) thrown at [./src/hotspot/share/classfile/systemDictionary.cpp, line 231]
Event: 3512.606 Thread 0x000001f344e5c000 Implicit null exception at 0x000001f333dddf6a to 0x000001f333ddeb7c
Event: 3512.633 Thread 0x000001f344e5c000 Exception <a 'sun/nio/fs/WindowsException'{0x000000008a605aa8}> (0x000000008a605aa8) thrown at [./src/hotspot/share/prims/jni.cpp, line 615]
Event: 3513.075 Thread 0x000001f344e5c000 Exception <a 'java/lang/ClassNotFoundException'{0x000000008d4cd480}: groovy/runtime/metaclass/[Lcom/google/gms/googleservices/GoogleServicesPlugin$PluginType;MetaClass> (0x000000008d4cd480) thrown at [./src/hotspot/share/prims/jni.cpp, line 636]

Events (20 events):
Event: 3512.926 loading class groovy/runtime/metaclass/com/android/build/gradle/internal/CompileOptions_DecoratedMetaClass
Event: 3512.926 loading class groovy/runtime/metaclass/com/android/build/gradle/internal/CompileOptions_DecoratedMetaClass done
Event: 3512.932 loading class groovy/runtime/metaclass/build_1hmsvdvt0zsbaqjd1lps2m3e6$_run_closure2MetaClass
Event: 3512.932 loading class groovy/runtime/metaclass/build_1hmsvdvt0zsbaqjd1lps2m3e6$_run_closure2MetaClass done
Event: 3512.936 loading class groovy/runtime/metaclass/com/google/gms/googleservices/GoogleServicesPluginMetaClass
Event: 3512.936 loading class groovy/runtime/metaclass/com/google/gms/googleservices/GoogleServicesPluginMetaClass done
Event: 3512.939 loading class groovy/runtime/metaclass/org/gradle/internal/extensibility/DefaultConventionMetaClass
Event: 3512.939 loading class groovy/runtime/metaclass/org/gradle/internal/extensibility/DefaultConventionMetaClass done
Event: 3512.943 loading class groovy/runtime/metaclass/com/google/gms/googleservices/GoogleServicesPlugin$GoogleServicesPluginConfig_DecoratedMetaClass
Event: 3512.943 loading class groovy/runtime/metaclass/com/google/gms/googleservices/GoogleServicesPlugin$GoogleServicesPluginConfig_DecoratedMetaClass done
Event: 3513.024 Executing VM operation: CGC_Operation
Event: 3513.066 Executing VM operation: CGC_Operation done
Event: 3513.069 loading class groovy/runtime/metaclass/com/google/gms/googleservices/GoogleServicesPlugin$_apply_closure1MetaClass
Event: 3513.069 loading class groovy/runtime/metaclass/com/google/gms/googleservices/GoogleServicesPlugin$_apply_closure1MetaClass done
Event: 3513.072 loading class groovy/runtime/metaclass/org/gradle/configuration/internal/DefaultListenerBuildOperationDecorator$BuildOperationEmittingClosureMetaClass
Event: 3513.072 loading class groovy/runtime/metaclass/org/gradle/configuration/internal/DefaultListenerBuildOperationDecorator$BuildOperationEmittingClosureMetaClass done
Event: 3513.076 loading class groovy/lang/GroovyRuntimeException
Event: 3513.076 loading class groovy/lang/GroovyRuntimeException done
Event: 3513.077 loading class groovy/runtime/metaclass/org/gradle/api/internal/plugins/DefaultPluginContainerMetaClass
Event: 3513.077 loading class groovy/runtime/metaclass/org/gradle/api/internal/plugins/DefaultPluginContainerMetaClass done


Dynamic libraries:
0x00007ff77bd60000 - 0x00007ff77bd6a000 	C:\Program Files\Android\Android Studio\jre\bin\java.exe
0x00007ffdd8e90000 - 0x00007ffdd9085000 	C:\WINDOWS\SYSTEM32\ntdll.dll
0x00007ffdd8500000 - 0x00007ffdd85be000 	C:\WINDOWS\System32\KERNEL32.DLL
0x00007ffdd6750000 - 0x00007ffdd6a18000 	C:\WINDOWS\System32\KERNELBASE.dll
0x00007ffdd6b60000 - 0x00007ffdd6c60000 	C:\WINDOWS\System32\ucrtbase.dll
0x00007ffdbcc40000 - 0x00007ffdbcc59000 	C:\Program Files\Android\Android Studio\jre\bin\jli.dll
0x00007ffdd7f80000 - 0x00007ffdd8121000 	C:\WINDOWS\System32\USER32.dll
0x00007ffdd6d50000 - 0x00007ffdd6d72000 	C:\WINDOWS\System32\win32u.dll
0x00007ffdd78b0000 - 0x00007ffdd78db000 	C:\WINDOWS\System32\GDI32.dll
0x00007ffdd65b0000 - 0x00007ffdd66bb000 	C:\WINDOWS\System32\gdi32full.dll
0x00007ffdd6cb0000 - 0x00007ffdd6d4d000 	C:\WINDOWS\System32\msvcp_win.dll
0x00007ffdbb380000 - 0x00007ffdbb397000 	C:\Program Files\Android\Android Studio\jre\bin\VCRUNTIME140.dll
0x00007ffdcb210000 - 0x00007ffdcb4aa000 	C:\WINDOWS\WinSxS\amd64_microsoft.windows.common-controls_6595b64144ccf1df_6.0.19041.1110_none_60b5254171f9507e\COMCTL32.dll
0x00007ffdd8400000 - 0x00007ffdd849e000 	C:\WINDOWS\System32\msvcrt.dll
0x00007ffdd6fe0000 - 0x00007ffdd7010000 	C:\WINDOWS\System32\IMM32.DLL
0x00007ffdb9c70000 - 0x00007ffdb9d0d000 	C:\Program Files\Android\Android Studio\jre\bin\msvcp140.dll
0x00007ffda5990000 - 0x00007ffda645f000 	C:\Program Files\Android\Android Studio\jre\bin\server\jvm.dll
0x00007ffdd7800000 - 0x00007ffdd78ac000 	C:\WINDOWS\System32\ADVAPI32.dll
0x00007ffdd7910000 - 0x00007ffdd79ab000 	C:\WINDOWS\System32\sechost.dll
0x00007ffdd7af0000 - 0x00007ffdd7c1a000 	C:\WINDOWS\System32\RPCRT4.dll
0x00007ffdd78e0000 - 0x00007ffdd78e8000 	C:\WINDOWS\System32\PSAPI.DLL
0x00007ffdd26b0000 - 0x00007ffdd26b9000 	C:\WINDOWS\SYSTEM32\WSOCK32.dll
0x00007ffdd7ce0000 - 0x00007ffdd7d4b000 	C:\WINDOWS\System32\WS2_32.dll
0x00007ffdc6ac0000 - 0x00007ffdc6ae7000 	C:\WINDOWS\SYSTEM32\WINMM.dll
0x00007ffdcc1c0000 - 0x00007ffdcc1ca000 	C:\WINDOWS\SYSTEM32\VERSION.dll
0x00007ffdd4fd0000 - 0x00007ffdd4fe2000 	C:\WINDOWS\SYSTEM32\kernel.appcore.dll
0x00007ffdcdef0000 - 0x00007ffdcdf01000 	C:\Program Files\Android\Android Studio\jre\bin\verify.dll
0x00007ffdd4c20000 - 0x00007ffdd4e04000 	C:\WINDOWS\SYSTEM32\DBGHELP.DLL
0x00007ffdce4b0000 - 0x00007ffdce4dc000 	C:\WINDOWS\SYSTEM32\dbgcore.DLL
0x00007ffdd6a20000 - 0x00007ffdd6aa3000 	C:\WINDOWS\System32\bcryptPrimitives.dll
0x00007ffdccb50000 - 0x00007ffdccb79000 	C:\Program Files\Android\Android Studio\jre\bin\java.dll
0x00007ffdd2d70000 - 0x00007ffdd2d7b000 	C:\Program Files\Android\Android Studio\jre\bin\jimage.dll
0x00007ffdcded0000 - 0x00007ffdcdee8000 	C:\Program Files\Android\Android Studio\jre\bin\zip.dll
0x00007ffdd70c0000 - 0x00007ffdd77ff000 	C:\WINDOWS\System32\SHELL32.dll
0x00007ffdd4350000 - 0x00007ffdd4ae0000 	C:\WINDOWS\SYSTEM32\windows.storage.dll
0x00007ffdd8670000 - 0x00007ffdd89c5000 	C:\WINDOWS\System32\combase.dll
0x00007ffdd5f30000 - 0x00007ffdd5f5e000 	C:\WINDOWS\SYSTEM32\Wldp.dll
0x00007ffdd85c0000 - 0x00007ffdd866d000 	C:\WINDOWS\System32\SHCORE.dll
0x00007ffdd84a0000 - 0x00007ffdd84f5000 	C:\WINDOWS\System32\shlwapi.dll
0x00007ffdd64f0000 - 0x00007ffdd650f000 	C:\WINDOWS\SYSTEM32\profapi.dll
0x00007ffdcc690000 - 0x00007ffdcc6aa000 	C:\Program Files\Android\Android Studio\jre\bin\net.dll
0x00007ffdd1500000 - 0x00007ffdd160c000 	C:\WINDOWS\SYSTEM32\WINHTTP.dll
0x00007ffdd5c90000 - 0x00007ffdd5cfa000 	C:\WINDOWS\system32\mswsock.dll
0x00007ffdcc560000 - 0x00007ffdcc574000 	C:\Program Files\Android\Android Studio\jre\bin\nio.dll
0x00007ffdbd110000 - 0x00007ffdbd137000 	C:\Users\MarcelO\.gradle\native\8bec1ad78214c89d9ad589b4d07fe93259594b29d510b10fafb7a158f7737e5d\windows-amd64\native-platform.dll
0x00007ffdb7150000 - 0x00007ffdb728d000 	C:\Users\MarcelO\.gradle\native\53dbd7edfb1c66fb8903c78663c9afc45aea4f116125fa6feffd364cf09443e8\windows-amd64\native-platform-file-events.dll
0x00007ffdd20d0000 - 0x00007ffdd20da000 	C:\Program Files\Android\Android Studio\jre\bin\management.dll
0x00007ffdd1850000 - 0x00007ffdd185c000 	C:\Program Files\Android\Android Studio\jre\bin\management_ext.dll
0x00007ffdd5e80000 - 0x00007ffdd5e98000 	C:\WINDOWS\SYSTEM32\CRYPTSP.dll
0x00007ffdd5610000 - 0x00007ffdd5644000 	C:\WINDOWS\system32\rsaenh.dll
0x00007ffdd66c0000 - 0x00007ffdd66e7000 	C:\WINDOWS\System32\bcrypt.dll
0x00007ffdd6470000 - 0x00007ffdd649e000 	C:\WINDOWS\SYSTEM32\USERENV.dll
0x00007ffdd5ea0000 - 0x00007ffdd5eac000 	C:\WINDOWS\SYSTEM32\CRYPTBASE.dll
0x00007ffdd5980000 - 0x00007ffdd59bb000 	C:\WINDOWS\SYSTEM32\IPHLPAPI.DLL
0x00007ffdd6f40000 - 0x00007ffdd6f48000 	C:\WINDOWS\System32\NSI.dll
0x00007ffdd0300000 - 0x00007ffdd0317000 	C:\WINDOWS\SYSTEM32\dhcpcsvc6.DLL
0x00007ffdd0a20000 - 0x00007ffdd0a3d000 	C:\WINDOWS\SYSTEM32\dhcpcsvc.DLL
0x00007ffdd59c0000 - 0x00007ffdd5a8b000 	C:\WINDOWS\SYSTEM32\DNSAPI.dll
0x00007ffdcbfb0000 - 0x00007ffdcbfd7000 	C:\Program Files\Android\Android Studio\jre\bin\sunec.dll

dbghelp: loaded successfully - version: 4.0.5 - missing functions: none
symbol engine: initialized successfully - sym options: 0x614 - pdb path: .;C:\Program Files\Android\Android Studio\jre\bin;C:\WINDOWS\SYSTEM32;C:\WINDOWS\WinSxS\amd64_microsoft.windows.common-controls_6595b64144ccf1df_6.0.19041.1110_none_60b5254171f9507e;C:\Program Files\Android\Android Studio\jre\bin\server;C:\Users\MarcelO\.gradle\native\8bec1ad78214c89d9ad589b4d07fe93259594b29d510b10fafb7a158f7737e5d\windows-amd64;C:\Users\MarcelO\.gradle\native\53dbd7edfb1c66fb8903c78663c9afc45aea4f116125fa6feffd364cf09443e8\windows-amd64

VM Arguments:
jvm_args: --add-opens=java.base/java.util=ALL-UNNAMED --add-opens=java.base/java.lang=ALL-UNNAMED --add-opens=java.base/java.lang.invoke=ALL-UNNAMED --add-opens=java.base/java.util=ALL-UNNAMED --add-opens=java.prefs/java.util.prefs=ALL-UNNAMED --add-opens=java.prefs/java.util.prefs=ALL-UNNAMED --add-opens=java.base/java.nio.charset=ALL-UNNAMED --add-opens=java.base/java.net=ALL-UNNAMED --add-opens=java.base/java.util.concurrent.atomic=ALL-UNNAMED -Xmx2048m -Dfile.encoding=UTF-8 -Duser.country=BR -Duser.language=pt -Duser.variant 
java_command: org.gradle.launcher.daemon.bootstrap.GradleDaemon 7.0.2
java_class_path (initial): C:\Users\MarcelO\.gradle\wrapper\dists\gradle-7.0.2-bin\857tjihv64xamwrf0h14cai3r\gradle-7.0.2\lib\gradle-launcher-7.0.2.jar
Launcher Type: SUN_STANDARD

[Global flags]
     intx CICompilerCount                          = 3                                         {product} {ergonomic}
     uint ConcGCThreads                            = 1                                         {product} {ergonomic}
     uint G1ConcRefinementThreads                  = 4                                         {product} {ergonomic}
   size_t G1HeapRegionSize                         = 1048576                                   {product} {ergonomic}
    uintx GCDrainStackTargetSize                   = 64                                        {product} {ergonomic}
   size_t InitialHeapSize                          = 201326592                                 {product} {ergonomic}
   size_t MarkStackSize                            = 4194304                                   {product} {ergonomic}
   size_t MaxHeapSize                              = 2147483648                                {product} {command line}
   size_t MaxNewSize                               = 1287651328                                {product} {ergonomic}
   size_t MinHeapDeltaBytes                        = 1048576                                   {product} {ergonomic}
    uintx NonNMethodCodeHeapSize                   = 5830732                                {pd product} {ergonomic}
    uintx NonProfiledCodeHeapSize                  = 122913754                              {pd product} {ergonomic}
    uintx ProfiledCodeHeapSize                     = 122913754                              {pd product} {ergonomic}
    uintx ReservedCodeCacheSize                    = 251658240                              {pd product} {ergonomic}
     bool SegmentedCodeCache                       = true                                      {product} {ergonomic}
     bool UseCompressedClassPointers               = true                                 {lp64_product} {ergonomic}
     bool UseCompressedOops                        = true                                 {lp64_product} {ergonomic}
     bool UseG1GC                                  = true                                      {product} {ergonomic}
     bool UseLargePagesIndividualAllocation        = false                                  {pd product} {ergonomic}

Logging:
Log output configuration:
 #0: stdout all=warning uptime,level,tags
 #1: stderr all=off uptime,level,tags

Environment Variables:
PATH=C:\Program Files\Common Files\Oracle\Java\javapath;C:\Program Files (x86)\AdoptOpenJDK\jdk-8.0.252.09-hotspot\bin;C:\ProgramData\Oracle\Java\javapath;C:\Program Files (x86)\Common Files\Intel\Shared Libraries\redist\intel64\compiler;C:\Inprise\vbroker\bin;C:\Program Files (x86)\Borland\Delphi7\Bin;C:\Program Files (x86)\Borland\Delphi7\Projects\Bpl\;C:\Python39\Scripts\;C:\Python39\;C:\WINDOWS\system32;C:\WINDOWS;C:\WINDOWS\System32\Wbem;C:\WINDOWS\System32\WindowsPowerShell\v1.0\;C:\WINDOWS\System32\OpenSSH\;C:\Program Files\nodejs\;C:\ProgramData\chocolatey\bin;C:\xampp\php;C:\Program Files\Git\cmd;C:\Program Files\Docker\Docker\resources\bin;C:\ProgramData\DockerDesktop\version-bin;C:\Program Files\PostgreSQL\14\bin;C:\Program Files\Java\jdk-16.0.1\bin;C:\Program Files\Java\jre1.8.0_51\bin;C:\Users\MarcelO\AppData\Local\Microsoft\WindowsApps;;C:\Users\MarcelO\AppData\Local\Programs\Microsoft VS Code\bin;C:\Users\MarcelO\AppData\Roaming\npm
USERNAME=MarcelO
OS=Windows_NT
PROCESSOR_IDENTIFIER=Intel64 Family 6 Model 78 Stepping 3, GenuineIntel



---------------  S Y S T E M  ---------------

OS: Windows 10 , 64 bit Build 19041 (10.0.19041.1348)
OS uptime: 1 days 12:04 hours

CPU:total 4 (initial active 4) (2 cores per cpu, 2 threads per core) family 6 model 78 stepping 3 microcode 0xcc, cmov, cx8, fxsr, mmx, sse, sse2, sse3, ssse3, sse4.1, sse4.2, popcnt, avx, avx2, aes, clmul, erms, 3dnowpref, lzcnt, ht, tsc, tscinvbit, bmi1, bmi2, adx, fma

Memory: 4k page, system-wide physical 12162M (1467M free)
TotalPageFile size 12162M (AvailPageFile size 5M)
current process WorkingSet (physical memory assigned to process): 504M, peak: 563M
current process commit charge ("private bytes"): 616M, peak: 619M

vm_info: OpenJDK 64-Bit Server VM (11.0.10+0-b96-7249189) for windows-amd64 JRE (11.0.10+0-b96-7249189), built on Mar 31 2021 21:44:00 by "builder" with MS VC++ 14.0 (VS2015)

END.
